This file contains any messages produced by compilers while
running configure, to aid debugging if configure makes a mistake.

It was created by configure, which was
generated by GNU Autoconf 2.69.  Invocation command line was

  $ ./configure 

## --------- ##
## Platform. ##
## --------- ##

hostname = tandriano.local
uname -m = x86_64
uname -r = 14.1.0
uname -s = Darwin
uname -v = Darwin Kernel Version 14.1.0: Thu Feb 26 19:26:47 PST 2015; root:xnu-2782.10.73~1/RELEASE_X86_64

/usr/bin/uname -p = i386
/bin/uname -X     = unknown

/bin/arch              = unknown
/usr/bin/arch -k       = unknown
/usr/convex/getsysinfo = unknown
/usr/bin/hostinfo      = Mach kernel version:
	 Darwin Kernel Version 14.1.0: Thu Feb 26 19:26:47 PST 2015; root:xnu-2782.10.73~1/RELEASE_X86_64
Kernel configured for up to 4 processors.
2 processors are physically available.
4 processors are logically available.
Processor type: i486 (Intel 80486)
Processors active: 0 1 2 3
Primary memory available: 8.00 gigabytes
Default processor set: 266 tasks, 1385 threads, 4 processors
Load average: 1.97, Mach factor: 2.05
/bin/machine           = unknown
/usr/bin/oslevel       = unknown
/bin/universe          = unknown

PATH: /Users/tandriano/.rbenv/shims
PATH: /Users/tandriano/.rbenv/shims
PATH: /usr/local/bin
PATH: /usr/bin
PATH: /bin
PATH: /usr/sbin
PATH: /sbin


## ----------- ##
## Core tests. ##
## ----------- ##

configure:2680: checking for a BSD-compatible install
configure:2748: result: /usr/bin/install -c
configure:2759: checking whether build environment is sane
configure:2814: result: yes
configure:2852: WARNING: 'missing' script is too old or missing
configure:2965: checking for a thread-safe mkdir -p
configure:3004: result: utils/install-sh -c -d
configure:3011: checking for gawk
configure:3041: result: no
configure:3011: checking for mawk
configure:3041: result: no
configure:3011: checking for nawk
configure:3041: result: no
configure:3011: checking for awk
configure:3027: found /usr/bin/awk
configure:3038: result: awk
configure:3049: checking whether make sets $(MAKE)
configure:3071: result: yes
configure:3100: checking whether make supports nested variables
configure:3117: result: yes
configure:3253: checking build system type
configure:3267: result: x86_64-apple-darwin14.1.0
configure:3287: checking host system type
configure:3300: result: x86_64-apple-darwin14.1.0
configure:3335: checking for style of include used by make
configure:3363: result: GNU
configure:3434: checking for gcc
configure:3450: found /usr/bin/gcc
configure:3461: result: gcc
configure:3690: checking for C compiler version
configure:3699: gcc --version >&5
Apple LLVM version 6.1.0 (clang-602.0.49) (based on LLVM 3.6.0svn)
Target: x86_64-apple-darwin14.1.0
Thread model: posix
Configured with: --prefix=/Applications/Xcode.app/Contents/Developer/usr --with-gxx-include-dir=/usr/include/c++/4.2.1
configure:3710: $? = 0
configure:3699: gcc -v >&5
Configured with: --prefix=/Applications/Xcode.app/Contents/Developer/usr --with-gxx-include-dir=/usr/include/c++/4.2.1
Apple LLVM version 6.1.0 (clang-602.0.49) (based on LLVM 3.6.0svn)
Target: x86_64-apple-darwin14.1.0
Thread model: posix
configure:3710: $? = 0
configure:3699: gcc -V >&5
clang: error: argument to '-V' is missing (expected 1 value)
clang: error: no input files
configure:3710: $? = 1
configure:3699: gcc -qversion >&5
clang: error: unknown argument: '-qversion'
clang: error: no input files
configure:3710: $? = 1
configure:3730: checking whether the C compiler works
configure:3752: gcc    conftest.c  >&5
configure:3756: $? = 0
configure:3804: result: yes
configure:3807: checking for C compiler default output file name
configure:3809: result: a.out
configure:3815: checking for suffix of executables
configure:3822: gcc -o conftest    conftest.c  >&5
configure:3826: $? = 0
configure:3848: result: 
configure:3870: checking whether we are cross compiling
configure:3878: gcc -o conftest    conftest.c  >&5
configure:3882: $? = 0
configure:3889: ./conftest
configure:3893: $? = 0
configure:3908: result: no
configure:3913: checking for suffix of object files
configure:3935: gcc -c   conftest.c >&5
configure:3939: $? = 0
configure:3960: result: o
configure:3964: checking whether we are using the GNU C compiler
configure:3983: gcc -c   conftest.c >&5
configure:3983: $? = 0
configure:3992: result: yes
configure:4001: checking whether gcc accepts -g
configure:4021: gcc -c -g  conftest.c >&5
configure:4021: $? = 0
configure:4062: result: yes
configure:4079: checking for gcc option to accept ISO C89
configure:4142: gcc  -c -g -O2  conftest.c >&5
configure:4142: $? = 0
configure:4155: result: none needed
configure:4180: checking whether gcc understands -c and -o together
configure:4202: gcc -c conftest.c -o conftest2.o
configure:4205: $? = 0
configure:4202: gcc -c conftest.c -o conftest2.o
configure:4205: $? = 0
configure:4217: result: yes
configure:4236: checking dependency style of gcc
configure:4347: result: none
configure:4368: checking how to run the C preprocessor
configure:4399: gcc -E  conftest.c
configure:4399: $? = 0
configure:4413: gcc -E  conftest.c
conftest.c:11:10: fatal error: 'ac_nonexistent.h' file not found
#include <ac_nonexistent.h>
         ^
1 error generated.
configure:4413: $? = 1
configure: failed program was:
| /* confdefs.h */
| #define PACKAGE_NAME ""
| #define PACKAGE_TARNAME ""
| #define PACKAGE_VERSION ""
| #define PACKAGE_STRING ""
| #define PACKAGE_BUGREPORT ""
| #define PACKAGE_URL ""
| #define PACKAGE "siege"
| #define VERSION "3.0.9"
| /* end confdefs.h.  */
| #include <ac_nonexistent.h>
configure:4438: result: gcc -E
configure:4458: gcc -E  conftest.c
configure:4458: $? = 0
configure:4472: gcc -E  conftest.c
conftest.c:11:10: fatal error: 'ac_nonexistent.h' file not found
#include <ac_nonexistent.h>
         ^
1 error generated.
configure:4472: $? = 1
configure: failed program was:
| /* confdefs.h */
| #define PACKAGE_NAME ""
| #define PACKAGE_TARNAME ""
| #define PACKAGE_VERSION ""
| #define PACKAGE_STRING ""
| #define PACKAGE_BUGREPORT ""
| #define PACKAGE_URL ""
| #define PACKAGE "siege"
| #define VERSION "3.0.9"
| /* end confdefs.h.  */
| #include <ac_nonexistent.h>
configure:4501: checking for grep that handles long lines and -e
configure:4559: result: /usr/bin/grep
configure:4564: checking for egrep
configure:4626: result: /usr/bin/grep -E
configure:4631: checking for ANSI C header files
configure:4651: gcc -c -g -O2  conftest.c >&5
configure:4651: $? = 0
configure:4724: gcc -o conftest -g -O2   conftest.c  >&5
configure:4724: $? = 0
configure:4724: ./conftest
configure:4724: $? = 0
configure:4735: result: yes
configure:4748: checking for sys/types.h
configure:4748: gcc -c -g -O2  conftest.c >&5
configure:4748: $? = 0
configure:4748: result: yes
configure:4748: checking for sys/stat.h
configure:4748: gcc -c -g -O2  conftest.c >&5
configure:4748: $? = 0
configure:4748: result: yes
configure:4748: checking for stdlib.h
configure:4748: gcc -c -g -O2  conftest.c >&5
configure:4748: $? = 0
configure:4748: result: yes
configure:4748: checking for string.h
configure:4748: gcc -c -g -O2  conftest.c >&5
configure:4748: $? = 0
configure:4748: result: yes
configure:4748: checking for memory.h
configure:4748: gcc -c -g -O2  conftest.c >&5
configure:4748: $? = 0
configure:4748: result: yes
configure:4748: checking for strings.h
configure:4748: gcc -c -g -O2  conftest.c >&5
configure:4748: $? = 0
configure:4748: result: yes
configure:4748: checking for inttypes.h
configure:4748: gcc -c -g -O2  conftest.c >&5
configure:4748: $? = 0
configure:4748: result: yes
configure:4748: checking for stdint.h
configure:4748: gcc -c -g -O2  conftest.c >&5
configure:4748: $? = 0
configure:4748: result: yes
configure:4748: checking for unistd.h
configure:4748: gcc -c -g -O2  conftest.c >&5
configure:4748: $? = 0
configure:4748: result: yes
configure:4761: checking minix/config.h usability
configure:4761: gcc -c -g -O2  conftest.c >&5
conftest.c:54:10: fatal error: 'minix/config.h' file not found
#include <minix/config.h>
         ^
1 error generated.
configure:4761: $? = 1
configure: failed program was:
| /* confdefs.h */
| #define PACKAGE_NAME ""
| #define PACKAGE_TARNAME ""
| #define PACKAGE_VERSION ""
| #define PACKAGE_STRING ""
| #define PACKAGE_BUGREPORT ""
| #define PACKAGE_URL ""
| #define PACKAGE "siege"
| #define VERSION "3.0.9"
| #define STDC_HEADERS 1
| #define HAVE_SYS_TYPES_H 1
| #define HAVE_SYS_STAT_H 1
| #define HAVE_STDLIB_H 1
| #define HAVE_STRING_H 1
| #define HAVE_MEMORY_H 1
| #define HAVE_STRINGS_H 1
| #define HAVE_INTTYPES_H 1
| #define HAVE_STDINT_H 1
| #define HAVE_UNISTD_H 1
| /* end confdefs.h.  */
| #include <stdio.h>
| #ifdef HAVE_SYS_TYPES_H
| # include <sys/types.h>
| #endif
| #ifdef HAVE_SYS_STAT_H
| # include <sys/stat.h>
| #endif
| #ifdef STDC_HEADERS
| # include <stdlib.h>
| # include <stddef.h>
| #else
| # ifdef HAVE_STDLIB_H
| #  include <stdlib.h>
| # endif
| #endif
| #ifdef HAVE_STRING_H
| # if !defined STDC_HEADERS && defined HAVE_MEMORY_H
| #  include <memory.h>
| # endif
| # include <string.h>
| #endif
| #ifdef HAVE_STRINGS_H
| # include <strings.h>
| #endif
| #ifdef HAVE_INTTYPES_H
| # include <inttypes.h>
| #endif
| #ifdef HAVE_STDINT_H
| # include <stdint.h>
| #endif
| #ifdef HAVE_UNISTD_H
| # include <unistd.h>
| #endif
| #include <minix/config.h>
configure:4761: result: no
configure:4761: checking minix/config.h presence
configure:4761: gcc -E  conftest.c
conftest.c:21:10: fatal error: 'minix/config.h' file not found
#include <minix/config.h>
         ^
1 error generated.
configure:4761: $? = 1
configure: failed program was:
| /* confdefs.h */
| #define PACKAGE_NAME ""
| #define PACKAGE_TARNAME ""
| #define PACKAGE_VERSION ""
| #define PACKAGE_STRING ""
| #define PACKAGE_BUGREPORT ""
| #define PACKAGE_URL ""
| #define PACKAGE "siege"
| #define VERSION "3.0.9"
| #define STDC_HEADERS 1
| #define HAVE_SYS_TYPES_H 1
| #define HAVE_SYS_STAT_H 1
| #define HAVE_STDLIB_H 1
| #define HAVE_STRING_H 1
| #define HAVE_MEMORY_H 1
| #define HAVE_STRINGS_H 1
| #define HAVE_INTTYPES_H 1
| #define HAVE_STDINT_H 1
| #define HAVE_UNISTD_H 1
| /* end confdefs.h.  */
| #include <minix/config.h>
configure:4761: result: no
configure:4761: checking for minix/config.h
configure:4761: result: no
configure:4782: checking whether it is safe to define __EXTENSIONS__
configure:4800: gcc -c -g -O2  conftest.c >&5
configure:4800: $? = 0
configure:4807: result: yes
configure:4871: checking for gcc
configure:4898: result: gcc
configure:5127: checking for C compiler version
configure:5136: gcc --version >&5
Apple LLVM version 6.1.0 (clang-602.0.49) (based on LLVM 3.6.0svn)
Target: x86_64-apple-darwin14.1.0
Thread model: posix
Configured with: --prefix=/Applications/Xcode.app/Contents/Developer/usr --with-gxx-include-dir=/usr/include/c++/4.2.1
configure:5147: $? = 0
configure:5136: gcc -v >&5
Configured with: --prefix=/Applications/Xcode.app/Contents/Developer/usr --with-gxx-include-dir=/usr/include/c++/4.2.1
Apple LLVM version 6.1.0 (clang-602.0.49) (based on LLVM 3.6.0svn)
Target: x86_64-apple-darwin14.1.0
Thread model: posix
configure:5147: $? = 0
configure:5136: gcc -V >&5
clang: error: argument to '-V' is missing (expected 1 value)
clang: error: no input files
configure:5147: $? = 1
configure:5136: gcc -qversion >&5
clang: error: unknown argument: '-qversion'
clang: error: no input files
configure:5147: $? = 1
configure:5151: checking whether we are using the GNU C compiler
configure:5179: result: yes
configure:5188: checking whether gcc accepts -g
configure:5249: result: yes
configure:5266: checking for gcc option to accept ISO C89
configure:5342: result: none needed
configure:5367: checking whether gcc understands -c and -o together
configure:5404: result: yes
configure:5423: checking dependency style of gcc
configure:5534: result: none
configure:5622: checking for a sed that does not truncate output
configure:5678: result: /usr/bin/sed
configure:5692: checking for ld used by gcc
configure:5759: result: /Applications/Xcode.app/Contents/Developer/Toolchains/XcodeDefault.xctoolchain/usr/bin/ld
configure:5766: checking if the linker (/Applications/Xcode.app/Contents/Developer/Toolchains/XcodeDefault.xctoolchain/usr/bin/ld) is GNU ld
configure:5781: result: no
configure:5786: checking for /Applications/Xcode.app/Contents/Developer/Toolchains/XcodeDefault.xctoolchain/usr/bin/ld option to reload object files
configure:5793: result: -r
configure:5811: checking for BSD-compatible nm
configure:5860: result: /usr/bin/nm
configure:5864: checking whether ln -s works
configure:5868: result: yes
configure:5875: checking how to recognise dependent libraries
configure:6051: result: pass_all
configure:6256: checking dlfcn.h usability
configure:6256: gcc -c -g -O2  conftest.c >&5
configure:6256: $? = 0
configure:6256: result: yes
configure:6256: checking dlfcn.h presence
configure:6256: gcc -E  conftest.c
configure:6256: $? = 0
configure:6256: result: yes
configure:6256: checking for dlfcn.h
configure:6256: result: yes
configure:6324: checking for g++
configure:6340: found /usr/bin/g++
configure:6351: result: g++
configure:6378: checking for C++ compiler version
configure:6387: g++ --version >&5
Apple LLVM version 6.1.0 (clang-602.0.49) (based on LLVM 3.6.0svn)
Target: x86_64-apple-darwin14.1.0
Thread model: posix
Configured with: --prefix=/Applications/Xcode.app/Contents/Developer/usr --with-gxx-include-dir=/usr/include/c++/4.2.1
configure:6398: $? = 0
configure:6387: g++ -v >&5
Configured with: --prefix=/Applications/Xcode.app/Contents/Developer/usr --with-gxx-include-dir=/usr/include/c++/4.2.1
Apple LLVM version 6.1.0 (clang-602.0.49) (based on LLVM 3.6.0svn)
Target: x86_64-apple-darwin14.1.0
Thread model: posix
configure:6398: $? = 0
configure:6387: g++ -V >&5
clang: error: argument to '-V' is missing (expected 1 value)
clang: error: no input files
configure:6398: $? = 1
configure:6387: g++ -qversion >&5
clang: error: unknown argument: '-qversion'
clang: error: no input files
configure:6398: $? = 1
configure:6402: checking whether we are using the GNU C++ compiler
configure:6421: g++ -c   conftest.cpp >&5
configure:6421: $? = 0
configure:6430: result: yes
configure:6439: checking whether g++ accepts -g
configure:6459: g++ -c -g  conftest.cpp >&5
configure:6459: $? = 0
configure:6500: result: yes
configure:6525: checking dependency style of g++
configure:6636: result: none
configure:6661: checking how to run the C++ preprocessor
configure:6688: g++ -E  conftest.cpp
configure:6688: $? = 0
configure:6702: g++ -E  conftest.cpp
conftest.cpp:27:10: fatal error: 'ac_nonexistent.h' file not found
#include <ac_nonexistent.h>
         ^
1 error generated.
configure:6702: $? = 1
configure: failed program was:
| /* confdefs.h */
| #define PACKAGE_NAME ""
| #define PACKAGE_TARNAME ""
| #define PACKAGE_VERSION ""
| #define PACKAGE_STRING ""
| #define PACKAGE_BUGREPORT ""
| #define PACKAGE_URL ""
| #define PACKAGE "siege"
| #define VERSION "3.0.9"
| #define STDC_HEADERS 1
| #define HAVE_SYS_TYPES_H 1
| #define HAVE_SYS_STAT_H 1
| #define HAVE_STDLIB_H 1
| #define HAVE_STRING_H 1
| #define HAVE_MEMORY_H 1
| #define HAVE_STRINGS_H 1
| #define HAVE_INTTYPES_H 1
| #define HAVE_STDINT_H 1
| #define HAVE_UNISTD_H 1
| #define __EXTENSIONS__ 1
| #define _ALL_SOURCE 1
| #define _GNU_SOURCE 1
| #define _POSIX_PTHREAD_SEMANTICS 1
| #define _TANDEM_SOURCE 1
| #define HAVE_DLFCN_H 1
| /* end confdefs.h.  */
| #include <ac_nonexistent.h>
configure:6727: result: g++ -E
configure:6747: g++ -E  conftest.cpp
configure:6747: $? = 0
configure:6761: g++ -E  conftest.cpp
conftest.cpp:27:10: fatal error: 'ac_nonexistent.h' file not found
#include <ac_nonexistent.h>
         ^
1 error generated.
configure:6761: $? = 1
configure: failed program was:
| /* confdefs.h */
| #define PACKAGE_NAME ""
| #define PACKAGE_TARNAME ""
| #define PACKAGE_VERSION ""
| #define PACKAGE_STRING ""
| #define PACKAGE_BUGREPORT ""
| #define PACKAGE_URL ""
| #define PACKAGE "siege"
| #define VERSION "3.0.9"
| #define STDC_HEADERS 1
| #define HAVE_SYS_TYPES_H 1
| #define HAVE_SYS_STAT_H 1
| #define HAVE_STDLIB_H 1
| #define HAVE_STRING_H 1
| #define HAVE_MEMORY_H 1
| #define HAVE_STRINGS_H 1
| #define HAVE_INTTYPES_H 1
| #define HAVE_STDINT_H 1
| #define HAVE_UNISTD_H 1
| #define __EXTENSIONS__ 1
| #define _ALL_SOURCE 1
| #define _GNU_SOURCE 1
| #define _POSIX_PTHREAD_SEMANTICS 1
| #define _TANDEM_SOURCE 1
| #define HAVE_DLFCN_H 1
| /* end confdefs.h.  */
| #include <ac_nonexistent.h>
configure:6845: checking for g77
configure:6875: result: no
configure:6845: checking for xlf
configure:6875: result: no
configure:6845: checking for f77
configure:6875: result: no
configure:6845: checking for frt
configure:6875: result: no
configure:6845: checking for pgf77
configure:6875: result: no
configure:6845: checking for cf77
configure:6875: result: no
configure:6845: checking for fort77
configure:6875: result: no
configure:6845: checking for fl32
configure:6875: result: no
configure:6845: checking for af77
configure:6875: result: no
configure:6845: checking for xlf90
configure:6875: result: no
configure:6845: checking for f90
configure:6875: result: no
configure:6845: checking for pgf90
configure:6875: result: no
configure:6845: checking for pghpf
configure:6875: result: no
configure:6845: checking for epcf90
configure:6875: result: no
configure:6845: checking for gfortran
configure:6875: result: no
configure:6845: checking for g95
configure:6875: result: no
configure:6845: checking for xlf95
configure:6875: result: no
configure:6845: checking for f95
configure:6875: result: no
configure:6845: checking for fort
configure:6875: result: no
configure:6845: checking for ifort
configure:6875: result: no
configure:6845: checking for ifc
configure:6875: result: no
configure:6845: checking for efc
configure:6875: result: no
configure:6845: checking for pgfortran
configure:6875: result: no
configure:6845: checking for pgf95
configure:6875: result: no
configure:6845: checking for lf95
configure:6875: result: no
configure:6845: checking for ftn
configure:6875: result: no
configure:6845: checking for nagfor
configure:6875: result: no
configure:6898: checking for Fortran 77 compiler version
configure:6907:  --version >&5
./configure: line 6909: --version: command not found
configure:6918: $? = 127
configure:6907:  -v >&5
./configure: line 6909: -v: command not found
configure:6918: $? = 127
configure:6907:  -V >&5
./configure: line 6909: -V: command not found
configure:6918: $? = 127
configure:6907:  -qversion >&5
./configure: line 6909: -qversion: command not found
configure:6918: $? = 127
configure:6927: checking whether we are using the GNU Fortran 77 compiler
configure:6940:  -c  conftest.F >&5
./configure: line 2151: -c: command not found
configure:6940: $? = 127
configure: failed program was:
|       program main
| #ifndef __GNUC__
|        choke me
| #endif
| 
|       end
configure:6949: result: no
configure:6955: checking whether  accepts -g
configure:6966:  -c -g conftest.f >&5
./configure: line 2151: -c: command not found
configure:6966: $? = 127
configure: failed program was:
|       program main
| 
|       end
configure:6974: result: no
configure:7008: checking the maximum length of command line arguments
configure:7117: result: 196608
configure:7128: checking command to parse /usr/bin/nm output from gcc object
configure:7233: gcc -c -g -O2  conftest.c >&5
configure:7236: $? = 0
configure:7240: /usr/bin/nm conftest.o \| sed -n -e 's/^.*[ 	]\([BCDEGRST][BCDEGRST]*\)[ 	][ 	]*\([_A-Za-z][_A-Za-z0-9]*\)$/\1 \2 \2/p' \> conftest.nm
configure:7243: $? = 0
cannot find nm_test_var in conftest.nm
configure:7233: gcc -c -g -O2  conftest.c >&5
configure:7236: $? = 0
configure:7240: /usr/bin/nm conftest.o \| sed -n -e 's/^.*[ 	]\([BCDEGRST][BCDEGRST]*\)[ 	][ 	]*_\([_A-Za-z][_A-Za-z0-9]*\)$/\1 _\2 \2/p' \> conftest.nm
configure:7243: $? = 0
configure:7295: gcc -o conftest -g -O2   conftest.c conftstm.o >&5
configure:7298: $? = 0
configure:7336: result: ok
configure:7340: checking for objdir
configure:7355: result: .libs
configure:7447: checking for ar
configure:7463: found /usr/bin/ar
configure:7474: result: ar
configure:7539: checking for ranlib
configure:7555: found /usr/bin/ranlib
configure:7566: result: ranlib
configure:7631: checking for strip
configure:7647: found /usr/bin/strip
configure:7658: result: strip
configure:7944: checking if gcc supports -fno-rtti -fno-exceptions
configure:7962: gcc -c -g -O2  -fno-rtti -fno-exceptions conftest.c >&5
configure:7966: $? = 0
configure:7979: result: yes
configure:7994: checking for gcc option to produce PIC
configure:8204: result: -fno-common
configure:8212: checking if gcc PIC flag -fno-common works
configure:8230: gcc -c -g -O2  -fno-common -DPIC conftest.c >&5
configure:8234: $? = 0
configure:8247: result: yes
configure:8275: checking if gcc static flag -static works
configure:8303: result: no
configure:8313: checking if gcc supports -c -o file.o
configure:8334: gcc -c -g -O2  -o out/conftest2.o conftest.c >&5
configure:8338: $? = 0
configure:8360: result: yes
configure:8386: checking whether the gcc linker (/Applications/Xcode.app/Contents/Developer/Toolchains/XcodeDefault.xctoolchain/usr/bin/ld) supports shared libraries
configure:9286: result: yes
configure:9353: checking dynamic linker characteristics
configure:9962: result: darwin14.1.0 dyld
configure:9971: checking how to hardcode library paths into programs
configure:9996: result: immediate
configure:10010: checking whether stripping libraries is possible
configure:10023: result: yes
configure:10531: checking if libtool supports shared libraries
configure:10533: result: yes
configure:10536: checking whether to build shared libraries
configure:10557: result: yes
configure:10560: checking whether to build static libraries
configure:10564: result: yes
configure:10656: creating libtool
configure:11243: checking for ld used by g++
configure:11310: result: /Applications/Xcode.app/Contents/Developer/Toolchains/XcodeDefault.xctoolchain/usr/bin/ld
configure:11317: checking if the linker (/Applications/Xcode.app/Contents/Developer/Toolchains/XcodeDefault.xctoolchain/usr/bin/ld) is GNU ld
configure:11332: result: no
configure:11383: checking whether the g++ linker (/Applications/Xcode.app/Contents/Developer/Toolchains/XcodeDefault.xctoolchain/usr/bin/ld) supports shared libraries
configure:12263: result: yes
configure:12285: g++ -c -g -O2  conftest.cpp >&5
configure:12288: $? = 0
configure:12407: checking for g++ option to produce PIC
configure:12681: result: -fno-common
configure:12689: checking if g++ PIC flag -fno-common works
configure:12707: g++ -c -g -O2  -fno-common -DPIC conftest.cpp >&5
configure:12711: $? = 0
configure:12724: result: yes
configure:12752: checking if g++ static flag -static works
configure:12780: result: no
configure:12790: checking if g++ supports -c -o file.o
configure:12811: g++ -c -g -O2  -o out/conftest2.o conftest.cpp >&5
configure:12815: $? = 0
configure:12837: result: yes
configure:12863: checking whether the g++ linker (/Applications/Xcode.app/Contents/Developer/Toolchains/XcodeDefault.xctoolchain/usr/bin/ld) supports shared libraries
configure:12888: result: yes
configure:12955: checking dynamic linker characteristics
configure:13564: result: darwin14.1.0 dyld
configure:13573: checking how to hardcode library paths into programs
configure:13598: result: immediate
configure:19695: checking for perl
configure:19713: found /usr/bin/perl
configure:19726: result: /usr/bin/perl
configure:19734: checking for a POSIX-compliant shell
configure:19770: result: /bin/sh
configure:19779: checking whether make sets $(MAKE)
configure:19801: result: yes
configure:19869: checking for buggy pthread mutex initializers
configure:19883: gcc -c -g -O2 -W -Wall -Werror -Wunused-value  conftest.c >&5
configure:19883: $? = 0
configure:19892: result: no
configure:19903: checking for dlopen() in -ldld
configure:19918: gcc -o conftest -g -O2   conftest.c  -ldld >&5
ld: library not found for -ldld
clang: error: linker command failed with exit code 1 (use -v to see invocation)
configure:19918: $? = 1
configure: failed program was:
| /* confdefs.h */
| #define PACKAGE_NAME ""
| #define PACKAGE_TARNAME ""
| #define PACKAGE_VERSION ""
| #define PACKAGE_STRING ""
| #define PACKAGE_BUGREPORT ""
| #define PACKAGE_URL ""
| #define PACKAGE "siege"
| #define VERSION "3.0.9"
| #define STDC_HEADERS 1
| #define HAVE_SYS_TYPES_H 1
| #define HAVE_SYS_STAT_H 1
| #define HAVE_STDLIB_H 1
| #define HAVE_STRING_H 1
| #define HAVE_MEMORY_H 1
| #define HAVE_STRINGS_H 1
| #define HAVE_INTTYPES_H 1
| #define HAVE_STDINT_H 1
| #define HAVE_UNISTD_H 1
| #define __EXTENSIONS__ 1
| #define _ALL_SOURCE 1
| #define _GNU_SOURCE 1
| #define _POSIX_PTHREAD_SEMANTICS 1
| #define _TANDEM_SOURCE 1
| #define HAVE_DLFCN_H 1
| /* end confdefs.h.  */
| 
| int
| main ()
| {
|  extern void* dlopen(); dlopen();
|   ;
|   return 0;
| }
configure:19927: result: no
configure:19935: checking for dlopen() in -ldl
configure:19950: gcc -o conftest -g -O2   conftest.c  -ldl >&5
configure:19950: $? = 0
configure:19951: result: yes
configure:19966: checking for random device
configure:19974: result: yes
configure:20004: result: checking for ssl support... yes
configure:20016: checking off/include/openssl/opensslv.h usability
configure:20016: gcc -c -g -O2  conftest.c >&5
conftest.c:61:10: fatal error: 'off/include/openssl/opensslv.h' file not found
#include <off/include/openssl/opensslv.h>
         ^
1 error generated.
configure:20016: $? = 1
configure: failed program was:
| /* confdefs.h */
| #define PACKAGE_NAME ""
| #define PACKAGE_TARNAME ""
| #define PACKAGE_VERSION ""
| #define PACKAGE_STRING ""
| #define PACKAGE_BUGREPORT ""
| #define PACKAGE_URL ""
| #define PACKAGE "siege"
| #define VERSION "3.0.9"
| #define STDC_HEADERS 1
| #define HAVE_SYS_TYPES_H 1
| #define HAVE_SYS_STAT_H 1
| #define HAVE_STDLIB_H 1
| #define HAVE_STRING_H 1
| #define HAVE_MEMORY_H 1
| #define HAVE_STRINGS_H 1
| #define HAVE_INTTYPES_H 1
| #define HAVE_STDINT_H 1
| #define HAVE_UNISTD_H 1
| #define __EXTENSIONS__ 1
| #define _ALL_SOURCE 1
| #define _GNU_SOURCE 1
| #define _POSIX_PTHREAD_SEMANTICS 1
| #define _TANDEM_SOURCE 1
| #define HAVE_DLFCN_H 1
| #define HAVE_DEV_RANDOM 1
| /* end confdefs.h.  */
| #include <stdio.h>
| #ifdef HAVE_SYS_TYPES_H
| # include <sys/types.h>
| #endif
| #ifdef HAVE_SYS_STAT_H
| # include <sys/stat.h>
| #endif
| #ifdef STDC_HEADERS
| # include <stdlib.h>
| # include <stddef.h>
| #else
| # ifdef HAVE_STDLIB_H
| #  include <stdlib.h>
| # endif
| #endif
| #ifdef HAVE_STRING_H
| # if !defined STDC_HEADERS && defined HAVE_MEMORY_H
| #  include <memory.h>
| # endif
| # include <string.h>
| #endif
| #ifdef HAVE_STRINGS_H
| # include <strings.h>
| #endif
| #ifdef HAVE_INTTYPES_H
| # include <inttypes.h>
| #endif
| #ifdef HAVE_STDINT_H
| # include <stdint.h>
| #endif
| #ifdef HAVE_UNISTD_H
| # include <unistd.h>
| #endif
| #include <off/include/openssl/opensslv.h>
configure:20016: result: no
configure:20016: checking off/include/openssl/opensslv.h presence
configure:20016: gcc -E  conftest.c
conftest.c:28:10: fatal error: 'off/include/openssl/opensslv.h' file not found
#include <off/include/openssl/opensslv.h>
         ^
1 error generated.
configure:20016: $? = 1
configure: failed program was:
| /* confdefs.h */
| #define PACKAGE_NAME ""
| #define PACKAGE_TARNAME ""
| #define PACKAGE_VERSION ""
| #define PACKAGE_STRING ""
| #define PACKAGE_BUGREPORT ""
| #define PACKAGE_URL ""
| #define PACKAGE "siege"
| #define VERSION "3.0.9"
| #define STDC_HEADERS 1
| #define HAVE_SYS_TYPES_H 1
| #define HAVE_SYS_STAT_H 1
| #define HAVE_STDLIB_H 1
| #define HAVE_STRING_H 1
| #define HAVE_MEMORY_H 1
| #define HAVE_STRINGS_H 1
| #define HAVE_INTTYPES_H 1
| #define HAVE_STDINT_H 1
| #define HAVE_UNISTD_H 1
| #define __EXTENSIONS__ 1
| #define _ALL_SOURCE 1
| #define _GNU_SOURCE 1
| #define _POSIX_PTHREAD_SEMANTICS 1
| #define _TANDEM_SOURCE 1
| #define HAVE_DLFCN_H 1
| #define HAVE_DEV_RANDOM 1
| /* end confdefs.h.  */
| #include <off/include/openssl/opensslv.h>
configure:20016: result: no
configure:20016: checking for off/include/openssl/opensslv.h
configure:20016: result: no
configure:20033: checking /usr/include/openssl/opensslv.h usability
configure:20033: gcc -c -g -O2  conftest.c >&5
configure:20033: $? = 0
configure:20033: result: yes
configure:20033: checking /usr/include/openssl/opensslv.h presence
configure:20033: gcc -E  conftest.c
configure:20033: $? = 0
configure:20033: result: yes
configure:20033: checking for /usr/include/openssl/opensslv.h
configure:20033: result: yes
configure:20050: checking for OpenSSL version
configure:20066: result: >= 0.9.8 (appropriate flag set)
configure:20129: checking for inline
configure:20145: gcc -c -g -O2 -I/usr/include/openssl -I/usr/include conftest.c >&5
configure:20145: $? = 0
configure:20153: result: inline
configure:20171: checking for int8_t
configure:20171: gcc -c -g -O2 -I/usr/include/openssl -I/usr/include conftest.c >&5
configure:20171: $? = 0
configure:20171: gcc -c -g -O2 -I/usr/include/openssl -I/usr/include conftest.c >&5
conftest.c:66:21: error: expected expression
if (sizeof ((int8_t)))
                    ^
1 error generated.
configure:20171: $? = 1
configure: failed program was:
| /* confdefs.h */
| #define PACKAGE_NAME ""
| #define PACKAGE_TARNAME ""
| #define PACKAGE_VERSION ""
| #define PACKAGE_STRING ""
| #define PACKAGE_BUGREPORT ""
| #define PACKAGE_URL ""
| #define PACKAGE "siege"
| #define VERSION "3.0.9"
| #define STDC_HEADERS 1
| #define HAVE_SYS_TYPES_H 1
| #define HAVE_SYS_STAT_H 1
| #define HAVE_STDLIB_H 1
| #define HAVE_STRING_H 1
| #define HAVE_MEMORY_H 1
| #define HAVE_STRINGS_H 1
| #define HAVE_INTTYPES_H 1
| #define HAVE_STDINT_H 1
| #define HAVE_UNISTD_H 1
| #define __EXTENSIONS__ 1
| #define _ALL_SOURCE 1
| #define _GNU_SOURCE 1
| #define _POSIX_PTHREAD_SEMANTICS 1
| #define _TANDEM_SOURCE 1
| #define HAVE_DLFCN_H 1
| #define HAVE_DEV_RANDOM 1
| #define HAVE__USR_INCLUDE_OPENSSL_OPENSSLV_H 1
| #define HAVE_SSL 1
| /* end confdefs.h.  */
| #include <stdio.h>
| #ifdef HAVE_SYS_TYPES_H
| # include <sys/types.h>
| #endif
| #ifdef HAVE_SYS_STAT_H
| # include <sys/stat.h>
| #endif
| #ifdef STDC_HEADERS
| # include <stdlib.h>
| # include <stddef.h>
| #else
| # ifdef HAVE_STDLIB_H
| #  include <stdlib.h>
| # endif
| #endif
| #ifdef HAVE_STRING_H
| # if !defined STDC_HEADERS && defined HAVE_MEMORY_H
| #  include <memory.h>
| # endif
| # include <string.h>
| #endif
| #ifdef HAVE_STRINGS_H
| # include <strings.h>
| #endif
| #ifdef HAVE_INTTYPES_H
| # include <inttypes.h>
| #endif
| #ifdef HAVE_STDINT_H
| # include <stdint.h>
| #endif
| #ifdef HAVE_UNISTD_H
| # include <unistd.h>
| #endif
| int
| main ()
| {
| if (sizeof ((int8_t)))
| 	    return 0;
|   ;
|   return 0;
| }
configure:20171: result: yes
configure:20182: checking for int16_t
configure:20182: gcc -c -g -O2 -I/usr/include/openssl -I/usr/include conftest.c >&5
configure:20182: $? = 0
configure:20182: gcc -c -g -O2 -I/usr/include/openssl -I/usr/include conftest.c >&5
conftest.c:66:22: error: expected expression
if (sizeof ((int16_t)))
                     ^
1 error generated.
configure:20182: $? = 1
configure: failed program was:
| /* confdefs.h */
| #define PACKAGE_NAME ""
| #define PACKAGE_TARNAME ""
| #define PACKAGE_VERSION ""
| #define PACKAGE_STRING ""
| #define PACKAGE_BUGREPORT ""
| #define PACKAGE_URL ""
| #define PACKAGE "siege"
| #define VERSION "3.0.9"
| #define STDC_HEADERS 1
| #define HAVE_SYS_TYPES_H 1
| #define HAVE_SYS_STAT_H 1
| #define HAVE_STDLIB_H 1
| #define HAVE_STRING_H 1
| #define HAVE_MEMORY_H 1
| #define HAVE_STRINGS_H 1
| #define HAVE_INTTYPES_H 1
| #define HAVE_STDINT_H 1
| #define HAVE_UNISTD_H 1
| #define __EXTENSIONS__ 1
| #define _ALL_SOURCE 1
| #define _GNU_SOURCE 1
| #define _POSIX_PTHREAD_SEMANTICS 1
| #define _TANDEM_SOURCE 1
| #define HAVE_DLFCN_H 1
| #define HAVE_DEV_RANDOM 1
| #define HAVE__USR_INCLUDE_OPENSSL_OPENSSLV_H 1
| #define HAVE_SSL 1
| /* end confdefs.h.  */
| #include <stdio.h>
| #ifdef HAVE_SYS_TYPES_H
| # include <sys/types.h>
| #endif
| #ifdef HAVE_SYS_STAT_H
| # include <sys/stat.h>
| #endif
| #ifdef STDC_HEADERS
| # include <stdlib.h>
| # include <stddef.h>
| #else
| # ifdef HAVE_STDLIB_H
| #  include <stdlib.h>
| # endif
| #endif
| #ifdef HAVE_STRING_H
| # if !defined STDC_HEADERS && defined HAVE_MEMORY_H
| #  include <memory.h>
| # endif
| # include <string.h>
| #endif
| #ifdef HAVE_STRINGS_H
| # include <strings.h>
| #endif
| #ifdef HAVE_INTTYPES_H
| # include <inttypes.h>
| #endif
| #ifdef HAVE_STDINT_H
| # include <stdint.h>
| #endif
| #ifdef HAVE_UNISTD_H
| # include <unistd.h>
| #endif
| int
| main ()
| {
| if (sizeof ((int16_t)))
| 	    return 0;
|   ;
|   return 0;
| }
configure:20182: result: yes
configure:20193: checking for int32_t
configure:20193: gcc -c -g -O2 -I/usr/include/openssl -I/usr/include conftest.c >&5
configure:20193: $? = 0
configure:20193: gcc -c -g -O2 -I/usr/include/openssl -I/usr/include conftest.c >&5
conftest.c:66:22: error: expected expression
if (sizeof ((int32_t)))
                     ^
1 error generated.
configure:20193: $? = 1
configure: failed program was:
| /* confdefs.h */
| #define PACKAGE_NAME ""
| #define PACKAGE_TARNAME ""
| #define PACKAGE_VERSION ""
| #define PACKAGE_STRING ""
| #define PACKAGE_BUGREPORT ""
| #define PACKAGE_URL ""
| #define PACKAGE "siege"
| #define VERSION "3.0.9"
| #define STDC_HEADERS 1
| #define HAVE_SYS_TYPES_H 1
| #define HAVE_SYS_STAT_H 1
| #define HAVE_STDLIB_H 1
| #define HAVE_STRING_H 1
| #define HAVE_MEMORY_H 1
| #define HAVE_STRINGS_H 1
| #define HAVE_INTTYPES_H 1
| #define HAVE_STDINT_H 1
| #define HAVE_UNISTD_H 1
| #define __EXTENSIONS__ 1
| #define _ALL_SOURCE 1
| #define _GNU_SOURCE 1
| #define _POSIX_PTHREAD_SEMANTICS 1
| #define _TANDEM_SOURCE 1
| #define HAVE_DLFCN_H 1
| #define HAVE_DEV_RANDOM 1
| #define HAVE__USR_INCLUDE_OPENSSL_OPENSSLV_H 1
| #define HAVE_SSL 1
| /* end confdefs.h.  */
| #include <stdio.h>
| #ifdef HAVE_SYS_TYPES_H
| # include <sys/types.h>
| #endif
| #ifdef HAVE_SYS_STAT_H
| # include <sys/stat.h>
| #endif
| #ifdef STDC_HEADERS
| # include <stdlib.h>
| # include <stddef.h>
| #else
| # ifdef HAVE_STDLIB_H
| #  include <stdlib.h>
| # endif
| #endif
| #ifdef HAVE_STRING_H
| # if !defined STDC_HEADERS && defined HAVE_MEMORY_H
| #  include <memory.h>
| # endif
| # include <string.h>
| #endif
| #ifdef HAVE_STRINGS_H
| # include <strings.h>
| #endif
| #ifdef HAVE_INTTYPES_H
| # include <inttypes.h>
| #endif
| #ifdef HAVE_STDINT_H
| # include <stdint.h>
| #endif
| #ifdef HAVE_UNISTD_H
| # include <unistd.h>
| #endif
| int
| main ()
| {
| if (sizeof ((int32_t)))
| 	    return 0;
|   ;
|   return 0;
| }
configure:20193: result: yes
configure:20204: checking for int64_t
configure:20204: gcc -c -g -O2 -I/usr/include/openssl -I/usr/include conftest.c >&5
configure:20204: $? = 0
configure:20204: gcc -c -g -O2 -I/usr/include/openssl -I/usr/include conftest.c >&5
conftest.c:66:22: error: expected expression
if (sizeof ((int64_t)))
                     ^
1 error generated.
configure:20204: $? = 1
configure: failed program was:
| /* confdefs.h */
| #define PACKAGE_NAME ""
| #define PACKAGE_TARNAME ""
| #define PACKAGE_VERSION ""
| #define PACKAGE_STRING ""
| #define PACKAGE_BUGREPORT ""
| #define PACKAGE_URL ""
| #define PACKAGE "siege"
| #define VERSION "3.0.9"
| #define STDC_HEADERS 1
| #define HAVE_SYS_TYPES_H 1
| #define HAVE_SYS_STAT_H 1
| #define HAVE_STDLIB_H 1
| #define HAVE_STRING_H 1
| #define HAVE_MEMORY_H 1
| #define HAVE_STRINGS_H 1
| #define HAVE_INTTYPES_H 1
| #define HAVE_STDINT_H 1
| #define HAVE_UNISTD_H 1
| #define __EXTENSIONS__ 1
| #define _ALL_SOURCE 1
| #define _GNU_SOURCE 1
| #define _POSIX_PTHREAD_SEMANTICS 1
| #define _TANDEM_SOURCE 1
| #define HAVE_DLFCN_H 1
| #define HAVE_DEV_RANDOM 1
| #define HAVE__USR_INCLUDE_OPENSSL_OPENSSLV_H 1
| #define HAVE_SSL 1
| /* end confdefs.h.  */
| #include <stdio.h>
| #ifdef HAVE_SYS_TYPES_H
| # include <sys/types.h>
| #endif
| #ifdef HAVE_SYS_STAT_H
| # include <sys/stat.h>
| #endif
| #ifdef STDC_HEADERS
| # include <stdlib.h>
| # include <stddef.h>
| #else
| # ifdef HAVE_STDLIB_H
| #  include <stdlib.h>
| # endif
| #endif
| #ifdef HAVE_STRING_H
| # if !defined STDC_HEADERS && defined HAVE_MEMORY_H
| #  include <memory.h>
| # endif
| # include <string.h>
| #endif
| #ifdef HAVE_STRINGS_H
| # include <strings.h>
| #endif
| #ifdef HAVE_INTTYPES_H
| # include <inttypes.h>
| #endif
| #ifdef HAVE_STDINT_H
| # include <stdint.h>
| #endif
| #ifdef HAVE_UNISTD_H
| # include <unistd.h>
| #endif
| int
| main ()
| {
| if (sizeof ((int64_t)))
| 	    return 0;
|   ;
|   return 0;
| }
configure:20204: result: yes
configure:20215: checking for uint8_t
configure:20215: gcc -c -g -O2 -I/usr/include/openssl -I/usr/include conftest.c >&5
configure:20215: $? = 0
configure:20215: gcc -c -g -O2 -I/usr/include/openssl -I/usr/include conftest.c >&5
conftest.c:66:22: error: expected expression
if (sizeof ((uint8_t)))
                     ^
1 error generated.
configure:20215: $? = 1
configure: failed program was:
| /* confdefs.h */
| #define PACKAGE_NAME ""
| #define PACKAGE_TARNAME ""
| #define PACKAGE_VERSION ""
| #define PACKAGE_STRING ""
| #define PACKAGE_BUGREPORT ""
| #define PACKAGE_URL ""
| #define PACKAGE "siege"
| #define VERSION "3.0.9"
| #define STDC_HEADERS 1
| #define HAVE_SYS_TYPES_H 1
| #define HAVE_SYS_STAT_H 1
| #define HAVE_STDLIB_H 1
| #define HAVE_STRING_H 1
| #define HAVE_MEMORY_H 1
| #define HAVE_STRINGS_H 1
| #define HAVE_INTTYPES_H 1
| #define HAVE_STDINT_H 1
| #define HAVE_UNISTD_H 1
| #define __EXTENSIONS__ 1
| #define _ALL_SOURCE 1
| #define _GNU_SOURCE 1
| #define _POSIX_PTHREAD_SEMANTICS 1
| #define _TANDEM_SOURCE 1
| #define HAVE_DLFCN_H 1
| #define HAVE_DEV_RANDOM 1
| #define HAVE__USR_INCLUDE_OPENSSL_OPENSSLV_H 1
| #define HAVE_SSL 1
| /* end confdefs.h.  */
| #include <stdio.h>
| #ifdef HAVE_SYS_TYPES_H
| # include <sys/types.h>
| #endif
| #ifdef HAVE_SYS_STAT_H
| # include <sys/stat.h>
| #endif
| #ifdef STDC_HEADERS
| # include <stdlib.h>
| # include <stddef.h>
| #else
| # ifdef HAVE_STDLIB_H
| #  include <stdlib.h>
| # endif
| #endif
| #ifdef HAVE_STRING_H
| # if !defined STDC_HEADERS && defined HAVE_MEMORY_H
| #  include <memory.h>
| # endif
| # include <string.h>
| #endif
| #ifdef HAVE_STRINGS_H
| # include <strings.h>
| #endif
| #ifdef HAVE_INTTYPES_H
| # include <inttypes.h>
| #endif
| #ifdef HAVE_STDINT_H
| # include <stdint.h>
| #endif
| #ifdef HAVE_UNISTD_H
| # include <unistd.h>
| #endif
| int
| main ()
| {
| if (sizeof ((uint8_t)))
| 	    return 0;
|   ;
|   return 0;
| }
configure:20215: result: yes
configure:20226: checking for uint16_t
configure:20226: gcc -c -g -O2 -I/usr/include/openssl -I/usr/include conftest.c >&5
configure:20226: $? = 0
configure:20226: gcc -c -g -O2 -I/usr/include/openssl -I/usr/include conftest.c >&5
conftest.c:66:23: error: expected expression
if (sizeof ((uint16_t)))
                      ^
1 error generated.
configure:20226: $? = 1
configure: failed program was:
| /* confdefs.h */
| #define PACKAGE_NAME ""
| #define PACKAGE_TARNAME ""
| #define PACKAGE_VERSION ""
| #define PACKAGE_STRING ""
| #define PACKAGE_BUGREPORT ""
| #define PACKAGE_URL ""
| #define PACKAGE "siege"
| #define VERSION "3.0.9"
| #define STDC_HEADERS 1
| #define HAVE_SYS_TYPES_H 1
| #define HAVE_SYS_STAT_H 1
| #define HAVE_STDLIB_H 1
| #define HAVE_STRING_H 1
| #define HAVE_MEMORY_H 1
| #define HAVE_STRINGS_H 1
| #define HAVE_INTTYPES_H 1
| #define HAVE_STDINT_H 1
| #define HAVE_UNISTD_H 1
| #define __EXTENSIONS__ 1
| #define _ALL_SOURCE 1
| #define _GNU_SOURCE 1
| #define _POSIX_PTHREAD_SEMANTICS 1
| #define _TANDEM_SOURCE 1
| #define HAVE_DLFCN_H 1
| #define HAVE_DEV_RANDOM 1
| #define HAVE__USR_INCLUDE_OPENSSL_OPENSSLV_H 1
| #define HAVE_SSL 1
| /* end confdefs.h.  */
| #include <stdio.h>
| #ifdef HAVE_SYS_TYPES_H
| # include <sys/types.h>
| #endif
| #ifdef HAVE_SYS_STAT_H
| # include <sys/stat.h>
| #endif
| #ifdef STDC_HEADERS
| # include <stdlib.h>
| # include <stddef.h>
| #else
| # ifdef HAVE_STDLIB_H
| #  include <stdlib.h>
| # endif
| #endif
| #ifdef HAVE_STRING_H
| # if !defined STDC_HEADERS && defined HAVE_MEMORY_H
| #  include <memory.h>
| # endif
| # include <string.h>
| #endif
| #ifdef HAVE_STRINGS_H
| # include <strings.h>
| #endif
| #ifdef HAVE_INTTYPES_H
| # include <inttypes.h>
| #endif
| #ifdef HAVE_STDINT_H
| # include <stdint.h>
| #endif
| #ifdef HAVE_UNISTD_H
| # include <unistd.h>
| #endif
| int
| main ()
| {
| if (sizeof ((uint16_t)))
| 	    return 0;
|   ;
|   return 0;
| }
configure:20226: result: yes
configure:20237: checking for uint32_t
configure:20237: gcc -c -g -O2 -I/usr/include/openssl -I/usr/include conftest.c >&5
configure:20237: $? = 0
configure:20237: gcc -c -g -O2 -I/usr/include/openssl -I/usr/include conftest.c >&5
conftest.c:66:23: error: expected expression
if (sizeof ((uint32_t)))
                      ^
1 error generated.
configure:20237: $? = 1
configure: failed program was:
| /* confdefs.h */
| #define PACKAGE_NAME ""
| #define PACKAGE_TARNAME ""
| #define PACKAGE_VERSION ""
| #define PACKAGE_STRING ""
| #define PACKAGE_BUGREPORT ""
| #define PACKAGE_URL ""
| #define PACKAGE "siege"
| #define VERSION "3.0.9"
| #define STDC_HEADERS 1
| #define HAVE_SYS_TYPES_H 1
| #define HAVE_SYS_STAT_H 1
| #define HAVE_STDLIB_H 1
| #define HAVE_STRING_H 1
| #define HAVE_MEMORY_H 1
| #define HAVE_STRINGS_H 1
| #define HAVE_INTTYPES_H 1
| #define HAVE_STDINT_H 1
| #define HAVE_UNISTD_H 1
| #define __EXTENSIONS__ 1
| #define _ALL_SOURCE 1
| #define _GNU_SOURCE 1
| #define _POSIX_PTHREAD_SEMANTICS 1
| #define _TANDEM_SOURCE 1
| #define HAVE_DLFCN_H 1
| #define HAVE_DEV_RANDOM 1
| #define HAVE__USR_INCLUDE_OPENSSL_OPENSSLV_H 1
| #define HAVE_SSL 1
| /* end confdefs.h.  */
| #include <stdio.h>
| #ifdef HAVE_SYS_TYPES_H
| # include <sys/types.h>
| #endif
| #ifdef HAVE_SYS_STAT_H
| # include <sys/stat.h>
| #endif
| #ifdef STDC_HEADERS
| # include <stdlib.h>
| # include <stddef.h>
| #else
| # ifdef HAVE_STDLIB_H
| #  include <stdlib.h>
| # endif
| #endif
| #ifdef HAVE_STRING_H
| # if !defined STDC_HEADERS && defined HAVE_MEMORY_H
| #  include <memory.h>
| # endif
| # include <string.h>
| #endif
| #ifdef HAVE_STRINGS_H
| # include <strings.h>
| #endif
| #ifdef HAVE_INTTYPES_H
| # include <inttypes.h>
| #endif
| #ifdef HAVE_STDINT_H
| # include <stdint.h>
| #endif
| #ifdef HAVE_UNISTD_H
| # include <unistd.h>
| #endif
| int
| main ()
| {
| if (sizeof ((uint32_t)))
| 	    return 0;
|   ;
|   return 0;
| }
configure:20237: result: yes
configure:20248: checking for uint64_t
configure:20248: gcc -c -g -O2 -I/usr/include/openssl -I/usr/include conftest.c >&5
configure:20248: $? = 0
configure:20248: gcc -c -g -O2 -I/usr/include/openssl -I/usr/include conftest.c >&5
conftest.c:66:23: error: expected expression
if (sizeof ((uint64_t)))
                      ^
1 error generated.
configure:20248: $? = 1
configure: failed program was:
| /* confdefs.h */
| #define PACKAGE_NAME ""
| #define PACKAGE_TARNAME ""
| #define PACKAGE_VERSION ""
| #define PACKAGE_STRING ""
| #define PACKAGE_BUGREPORT ""
| #define PACKAGE_URL ""
| #define PACKAGE "siege"
| #define VERSION "3.0.9"
| #define STDC_HEADERS 1
| #define HAVE_SYS_TYPES_H 1
| #define HAVE_SYS_STAT_H 1
| #define HAVE_STDLIB_H 1
| #define HAVE_STRING_H 1
| #define HAVE_MEMORY_H 1
| #define HAVE_STRINGS_H 1
| #define HAVE_INTTYPES_H 1
| #define HAVE_STDINT_H 1
| #define HAVE_UNISTD_H 1
| #define __EXTENSIONS__ 1
| #define _ALL_SOURCE 1
| #define _GNU_SOURCE 1
| #define _POSIX_PTHREAD_SEMANTICS 1
| #define _TANDEM_SOURCE 1
| #define HAVE_DLFCN_H 1
| #define HAVE_DEV_RANDOM 1
| #define HAVE__USR_INCLUDE_OPENSSL_OPENSSLV_H 1
| #define HAVE_SSL 1
| /* end confdefs.h.  */
| #include <stdio.h>
| #ifdef HAVE_SYS_TYPES_H
| # include <sys/types.h>
| #endif
| #ifdef HAVE_SYS_STAT_H
| # include <sys/stat.h>
| #endif
| #ifdef STDC_HEADERS
| # include <stdlib.h>
| # include <stddef.h>
| #else
| # ifdef HAVE_STDLIB_H
| #  include <stdlib.h>
| # endif
| #endif
| #ifdef HAVE_STRING_H
| # if !defined STDC_HEADERS && defined HAVE_MEMORY_H
| #  include <memory.h>
| # endif
| # include <string.h>
| #endif
| #ifdef HAVE_STRINGS_H
| # include <strings.h>
| #endif
| #ifdef HAVE_INTTYPES_H
| # include <inttypes.h>
| #endif
| #ifdef HAVE_STDINT_H
| # include <stdint.h>
| #endif
| #ifdef HAVE_UNISTD_H
| # include <unistd.h>
| #endif
| int
| main ()
| {
| if (sizeof ((uint64_t)))
| 	    return 0;
|   ;
|   return 0;
| }
configure:20248: result: yes
configure:20259: checking for u_int32_t
configure:20259: gcc -c -g -O2 -I/usr/include/openssl -I/usr/include conftest.c >&5
configure:20259: $? = 0
configure:20259: gcc -c -g -O2 -I/usr/include/openssl -I/usr/include conftest.c >&5
conftest.c:66:24: error: expected expression
if (sizeof ((u_int32_t)))
                       ^
1 error generated.
configure:20259: $? = 1
configure: failed program was:
| /* confdefs.h */
| #define PACKAGE_NAME ""
| #define PACKAGE_TARNAME ""
| #define PACKAGE_VERSION ""
| #define PACKAGE_STRING ""
| #define PACKAGE_BUGREPORT ""
| #define PACKAGE_URL ""
| #define PACKAGE "siege"
| #define VERSION "3.0.9"
| #define STDC_HEADERS 1
| #define HAVE_SYS_TYPES_H 1
| #define HAVE_SYS_STAT_H 1
| #define HAVE_STDLIB_H 1
| #define HAVE_STRING_H 1
| #define HAVE_MEMORY_H 1
| #define HAVE_STRINGS_H 1
| #define HAVE_INTTYPES_H 1
| #define HAVE_STDINT_H 1
| #define HAVE_UNISTD_H 1
| #define __EXTENSIONS__ 1
| #define _ALL_SOURCE 1
| #define _GNU_SOURCE 1
| #define _POSIX_PTHREAD_SEMANTICS 1
| #define _TANDEM_SOURCE 1
| #define HAVE_DLFCN_H 1
| #define HAVE_DEV_RANDOM 1
| #define HAVE__USR_INCLUDE_OPENSSL_OPENSSLV_H 1
| #define HAVE_SSL 1
| /* end confdefs.h.  */
| #include <stdio.h>
| #ifdef HAVE_SYS_TYPES_H
| # include <sys/types.h>
| #endif
| #ifdef HAVE_SYS_STAT_H
| # include <sys/stat.h>
| #endif
| #ifdef STDC_HEADERS
| # include <stdlib.h>
| # include <stddef.h>
| #else
| # ifdef HAVE_STDLIB_H
| #  include <stdlib.h>
| # endif
| #endif
| #ifdef HAVE_STRING_H
| # if !defined STDC_HEADERS && defined HAVE_MEMORY_H
| #  include <memory.h>
| # endif
| # include <string.h>
| #endif
| #ifdef HAVE_STRINGS_H
| # include <strings.h>
| #endif
| #ifdef HAVE_INTTYPES_H
| # include <inttypes.h>
| #endif
| #ifdef HAVE_STDINT_H
| # include <stdint.h>
| #endif
| #ifdef HAVE_UNISTD_H
| # include <unistd.h>
| #endif
| int
| main ()
| {
| if (sizeof ((u_int32_t)))
| 	    return 0;
|   ;
|   return 0;
| }
configure:20259: result: yes
configure:20270: checking for ssize_t
configure:20270: gcc -c -g -O2 -I/usr/include/openssl -I/usr/include conftest.c >&5
configure:20270: $? = 0
configure:20270: gcc -c -g -O2 -I/usr/include/openssl -I/usr/include conftest.c >&5
conftest.c:66:22: error: expected expression
if (sizeof ((ssize_t)))
                     ^
1 error generated.
configure:20270: $? = 1
configure: failed program was:
| /* confdefs.h */
| #define PACKAGE_NAME ""
| #define PACKAGE_TARNAME ""
| #define PACKAGE_VERSION ""
| #define PACKAGE_STRING ""
| #define PACKAGE_BUGREPORT ""
| #define PACKAGE_URL ""
| #define PACKAGE "siege"
| #define VERSION "3.0.9"
| #define STDC_HEADERS 1
| #define HAVE_SYS_TYPES_H 1
| #define HAVE_SYS_STAT_H 1
| #define HAVE_STDLIB_H 1
| #define HAVE_STRING_H 1
| #define HAVE_MEMORY_H 1
| #define HAVE_STRINGS_H 1
| #define HAVE_INTTYPES_H 1
| #define HAVE_STDINT_H 1
| #define HAVE_UNISTD_H 1
| #define __EXTENSIONS__ 1
| #define _ALL_SOURCE 1
| #define _GNU_SOURCE 1
| #define _POSIX_PTHREAD_SEMANTICS 1
| #define _TANDEM_SOURCE 1
| #define HAVE_DLFCN_H 1
| #define HAVE_DEV_RANDOM 1
| #define HAVE__USR_INCLUDE_OPENSSL_OPENSSLV_H 1
| #define HAVE_SSL 1
| /* end confdefs.h.  */
| #include <stdio.h>
| #ifdef HAVE_SYS_TYPES_H
| # include <sys/types.h>
| #endif
| #ifdef HAVE_SYS_STAT_H
| # include <sys/stat.h>
| #endif
| #ifdef STDC_HEADERS
| # include <stdlib.h>
| # include <stddef.h>
| #else
| # ifdef HAVE_STDLIB_H
| #  include <stdlib.h>
| # endif
| #endif
| #ifdef HAVE_STRING_H
| # if !defined STDC_HEADERS && defined HAVE_MEMORY_H
| #  include <memory.h>
| # endif
| # include <string.h>
| #endif
| #ifdef HAVE_STRINGS_H
| # include <strings.h>
| #endif
| #ifdef HAVE_INTTYPES_H
| # include <inttypes.h>
| #endif
| #ifdef HAVE_STDINT_H
| # include <stdint.h>
| #endif
| #ifdef HAVE_UNISTD_H
| # include <unistd.h>
| #endif
| int
| main ()
| {
| if (sizeof ((ssize_t)))
| 	    return 0;
|   ;
|   return 0;
| }
configure:20270: result: yes
configure:20282: checking for ANSI C header files
configure:20386: result: yes
configure:20394: checking for sys/wait.h that is POSIX.1 compatible
configure:20420: gcc -c -g -O2 -I/usr/include/openssl -I/usr/include conftest.c >&5
configure:20420: $? = 0
configure:20427: result: yes
configure:20437: checking fcntl.h usability
configure:20437: gcc -c -g -O2 -I/usr/include/openssl -I/usr/include conftest.c >&5
configure:20437: $? = 0
configure:20437: result: yes
configure:20437: checking fcntl.h presence
configure:20437: gcc -E -I/usr/include/openssl -I/usr/include conftest.c
configure:20437: $? = 0
configure:20437: result: yes
configure:20437: checking for fcntl.h
configure:20437: result: yes
configure:20449: checking limits.h usability
configure:20449: gcc -c -g -O2 -I/usr/include/openssl -I/usr/include conftest.c >&5
configure:20449: $? = 0
configure:20449: result: yes
configure:20449: checking limits.h presence
configure:20449: gcc -E -I/usr/include/openssl -I/usr/include conftest.c
configure:20449: $? = 0
configure:20449: result: yes
configure:20449: checking for limits.h
configure:20449: result: yes
configure:20461: checking for unistd.h
configure:20461: result: yes
configure:20473: checking signal.h usability
configure:20473: gcc -c -g -O2 -I/usr/include/openssl -I/usr/include conftest.c >&5
configure:20473: $? = 0
configure:20473: result: yes
configure:20473: checking signal.h presence
configure:20473: gcc -E -I/usr/include/openssl -I/usr/include conftest.c
configure:20473: $? = 0
configure:20473: result: yes
configure:20473: checking for signal.h
configure:20473: result: yes
configure:20485: checking sys/socket.h usability
configure:20485: gcc -c -g -O2 -I/usr/include/openssl -I/usr/include conftest.c >&5
configure:20485: $? = 0
configure:20485: result: yes
configure:20485: checking sys/socket.h presence
configure:20485: gcc -E -I/usr/include/openssl -I/usr/include conftest.c
configure:20485: $? = 0
configure:20485: result: yes
configure:20485: checking for sys/socket.h
configure:20485: result: yes
configure:20497: checking sys/select.h usability
configure:20497: gcc -c -g -O2 -I/usr/include/openssl -I/usr/include conftest.c >&5
configure:20497: $? = 0
configure:20497: result: yes
configure:20497: checking sys/select.h presence
configure:20497: gcc -E -I/usr/include/openssl -I/usr/include conftest.c
configure:20497: $? = 0
configure:20497: result: yes
configure:20497: checking for sys/select.h
configure:20497: result: yes
configure:20510: checking sys/time.h usability
configure:20510: gcc -c -g -O2 -I/usr/include/openssl -I/usr/include conftest.c >&5
configure:20510: $? = 0
configure:20510: result: yes
configure:20510: checking sys/time.h presence
configure:20510: gcc -E -I/usr/include/openssl -I/usr/include conftest.c
configure:20510: $? = 0
configure:20510: result: yes
configure:20510: checking for sys/time.h
configure:20510: result: yes
configure:20510: checking sys/times.h usability
configure:20510: gcc -c -g -O2 -I/usr/include/openssl -I/usr/include conftest.c >&5
configure:20510: $? = 0
configure:20510: result: yes
configure:20510: checking sys/times.h presence
configure:20510: gcc -E -I/usr/include/openssl -I/usr/include conftest.c
configure:20510: $? = 0
configure:20510: result: yes
configure:20510: checking for sys/times.h
configure:20510: result: yes
configure:20522: checking sys/resource.h usability
configure:20522: gcc -c -g -O2 -I/usr/include/openssl -I/usr/include conftest.c >&5
configure:20522: $? = 0
configure:20522: result: yes
configure:20522: checking sys/resource.h presence
configure:20522: gcc -E -I/usr/include/openssl -I/usr/include conftest.c
configure:20522: $? = 0
configure:20522: result: yes
configure:20522: checking for sys/resource.h
configure:20522: result: yes
configure:20534: checking errno.h usability
configure:20534: gcc -c -g -O2 -I/usr/include/openssl -I/usr/include conftest.c >&5
configure:20534: $? = 0
configure:20534: result: yes
configure:20534: checking errno.h presence
configure:20534: gcc -E -I/usr/include/openssl -I/usr/include conftest.c
configure:20534: $? = 0
configure:20534: result: yes
configure:20534: checking for errno.h
configure:20534: result: yes
configure:20546: checking arpa/inet.h usability
configure:20546: gcc -c -g -O2 -I/usr/include/openssl -I/usr/include conftest.c >&5
configure:20546: $? = 0
configure:20546: result: yes
configure:20546: checking arpa/inet.h presence
configure:20546: gcc -E -I/usr/include/openssl -I/usr/include conftest.c
configure:20546: $? = 0
configure:20546: result: yes
configure:20546: checking for arpa/inet.h
configure:20546: result: yes
configure:20558: checking netinet/in.h usability
configure:20558: gcc -c -g -O2 -I/usr/include/openssl -I/usr/include conftest.c >&5
configure:20558: $? = 0
configure:20558: result: yes
configure:20558: checking netinet/in.h presence
configure:20558: gcc -E -I/usr/include/openssl -I/usr/include conftest.c
configure:20558: $? = 0
configure:20558: result: yes
configure:20558: checking for netinet/in.h
configure:20558: result: yes
configure:20570: checking netdb.h usability
configure:20570: gcc -c -g -O2 -I/usr/include/openssl -I/usr/include conftest.c >&5
configure:20570: $? = 0
configure:20570: result: yes
configure:20570: checking netdb.h presence
configure:20570: gcc -E -I/usr/include/openssl -I/usr/include conftest.c
configure:20570: $? = 0
configure:20570: result: yes
configure:20570: checking for netdb.h
configure:20570: result: yes
configure:20582: checking pthread.h usability
configure:20582: gcc -c -g -O2 -I/usr/include/openssl -I/usr/include conftest.c >&5
configure:20582: $? = 0
configure:20582: result: yes
configure:20582: checking pthread.h presence
configure:20582: gcc -E -I/usr/include/openssl -I/usr/include conftest.c
configure:20582: $? = 0
configure:20582: result: yes
configure:20582: checking for pthread.h
configure:20582: result: yes
configure:20594: checking for string.h
configure:20594: result: yes
configure:20606: checking for strings.h
configure:20606: result: yes
configure:20618: checking sched.h usability
configure:20618: gcc -c -g -O2 -I/usr/include/openssl -I/usr/include conftest.c >&5
configure:20618: $? = 0
configure:20618: result: yes
configure:20618: checking sched.h presence
configure:20618: gcc -E -I/usr/include/openssl -I/usr/include conftest.c
configure:20618: $? = 0
configure:20618: result: yes
configure:20618: checking for sched.h
configure:20618: result: yes
configure:20630: checking openssl/e_os.h usability
configure:20630: gcc -c -g -O2 -I/usr/include/openssl -I/usr/include conftest.c >&5
conftest.c:82:10: fatal error: 'openssl/e_os.h' file not found
#include <openssl/e_os.h>
         ^
1 error generated.
configure:20630: $? = 1
configure: failed program was:
| /* confdefs.h */
| #define PACKAGE_NAME ""
| #define PACKAGE_TARNAME ""
| #define PACKAGE_VERSION ""
| #define PACKAGE_STRING ""
| #define PACKAGE_BUGREPORT ""
| #define PACKAGE_URL ""
| #define PACKAGE "siege"
| #define VERSION "3.0.9"
| #define STDC_HEADERS 1
| #define HAVE_SYS_TYPES_H 1
| #define HAVE_SYS_STAT_H 1
| #define HAVE_STDLIB_H 1
| #define HAVE_STRING_H 1
| #define HAVE_MEMORY_H 1
| #define HAVE_STRINGS_H 1
| #define HAVE_INTTYPES_H 1
| #define HAVE_STDINT_H 1
| #define HAVE_UNISTD_H 1
| #define __EXTENSIONS__ 1
| #define _ALL_SOURCE 1
| #define _GNU_SOURCE 1
| #define _POSIX_PTHREAD_SEMANTICS 1
| #define _TANDEM_SOURCE 1
| #define HAVE_DLFCN_H 1
| #define HAVE_DEV_RANDOM 1
| #define HAVE__USR_INCLUDE_OPENSSL_OPENSSLV_H 1
| #define HAVE_SSL 1
| #define STDC_HEADERS 1
| #define HAVE_SYS_WAIT_H 1
| #define HAVE_FCNTL_H 1
| #define HAVE_LIMITS_H 1
| #define HAVE_UNISTD_H 1
| #define HAVE_SIGNAL_H 1
| #define HAVE_SYS_SOCKET_H 1
| #define HAVE_SYS_SELECT_H 1
| #define HAVE_SYS_TIME_H 1
| #define HAVE_SYS_TIMES_H 1
| #define HAVE_SYS_RESOURCE_H 1
| #define HAVE_ERRNO_H 1
| #define HAVE_ARPA_INET_H 1
| #define HAVE_NETINET_IN_H 1
| #define HAVE_NETDB_H 1
| #define HAVE_PTHREAD_H 1
| #define HAVE_STRING_H 1
| #define HAVE_STRINGS_H 1
| #define HAVE_SCHED_H 1
| /* end confdefs.h.  */
| #include <stdio.h>
| #ifdef HAVE_SYS_TYPES_H
| # include <sys/types.h>
| #endif
| #ifdef HAVE_SYS_STAT_H
| # include <sys/stat.h>
| #endif
| #ifdef STDC_HEADERS
| # include <stdlib.h>
| # include <stddef.h>
| #else
| # ifdef HAVE_STDLIB_H
| #  include <stdlib.h>
| # endif
| #endif
| #ifdef HAVE_STRING_H
| # if !defined STDC_HEADERS && defined HAVE_MEMORY_H
| #  include <memory.h>
| # endif
| # include <string.h>
| #endif
| #ifdef HAVE_STRINGS_H
| # include <strings.h>
| #endif
| #ifdef HAVE_INTTYPES_H
| # include <inttypes.h>
| #endif
| #ifdef HAVE_STDINT_H
| # include <stdint.h>
| #endif
| #ifdef HAVE_UNISTD_H
| # include <unistd.h>
| #endif
| #include <openssl/e_os.h>
configure:20630: result: no
configure:20630: checking openssl/e_os.h presence
configure:20630: gcc -E -I/usr/include/openssl -I/usr/include conftest.c
conftest.c:49:10: fatal error: 'openssl/e_os.h' file not found
#include <openssl/e_os.h>
         ^
1 error generated.
configure:20630: $? = 1
configure: failed program was:
| /* confdefs.h */
| #define PACKAGE_NAME ""
| #define PACKAGE_TARNAME ""
| #define PACKAGE_VERSION ""
| #define PACKAGE_STRING ""
| #define PACKAGE_BUGREPORT ""
| #define PACKAGE_URL ""
| #define PACKAGE "siege"
| #define VERSION "3.0.9"
| #define STDC_HEADERS 1
| #define HAVE_SYS_TYPES_H 1
| #define HAVE_SYS_STAT_H 1
| #define HAVE_STDLIB_H 1
| #define HAVE_STRING_H 1
| #define HAVE_MEMORY_H 1
| #define HAVE_STRINGS_H 1
| #define HAVE_INTTYPES_H 1
| #define HAVE_STDINT_H 1
| #define HAVE_UNISTD_H 1
| #define __EXTENSIONS__ 1
| #define _ALL_SOURCE 1
| #define _GNU_SOURCE 1
| #define _POSIX_PTHREAD_SEMANTICS 1
| #define _TANDEM_SOURCE 1
| #define HAVE_DLFCN_H 1
| #define HAVE_DEV_RANDOM 1
| #define HAVE__USR_INCLUDE_OPENSSL_OPENSSLV_H 1
| #define HAVE_SSL 1
| #define STDC_HEADERS 1
| #define HAVE_SYS_WAIT_H 1
| #define HAVE_FCNTL_H 1
| #define HAVE_LIMITS_H 1
| #define HAVE_UNISTD_H 1
| #define HAVE_SIGNAL_H 1
| #define HAVE_SYS_SOCKET_H 1
| #define HAVE_SYS_SELECT_H 1
| #define HAVE_SYS_TIME_H 1
| #define HAVE_SYS_TIMES_H 1
| #define HAVE_SYS_RESOURCE_H 1
| #define HAVE_ERRNO_H 1
| #define HAVE_ARPA_INET_H 1
| #define HAVE_NETINET_IN_H 1
| #define HAVE_NETDB_H 1
| #define HAVE_PTHREAD_H 1
| #define HAVE_STRING_H 1
| #define HAVE_STRINGS_H 1
| #define HAVE_SCHED_H 1
| /* end confdefs.h.  */
| #include <openssl/e_os.h>
configure:20630: result: no
configure:20630: checking for openssl/e_os.h
configure:20630: result: no
configure:20642: checking openssl/e_os2.h usability
configure:20642: gcc -c -g -O2 -I/usr/include/openssl -I/usr/include conftest.c >&5
configure:20642: $? = 0
configure:20642: result: yes
configure:20642: checking openssl/e_os2.h presence
configure:20642: gcc -E -I/usr/include/openssl -I/usr/include conftest.c
configure:20642: $? = 0
configure:20642: result: yes
configure:20642: checking for openssl/e_os2.h
configure:20642: result: yes
configure:20653: checking for an ANSI C-conforming const
configure:20719: gcc -c -g -O2 -I/usr/include/openssl -I/usr/include conftest.c >&5
configure:20719: $? = 0
configure:20726: result: yes
configure:20734: checking for size_t
configure:20734: gcc -c -g -O2 -I/usr/include/openssl -I/usr/include conftest.c >&5
configure:20734: $? = 0
configure:20734: gcc -c -g -O2 -I/usr/include/openssl -I/usr/include conftest.c >&5
conftest.c:86:21: error: expected expression
if (sizeof ((size_t)))
                    ^
1 error generated.
configure:20734: $? = 1
configure: failed program was:
| /* confdefs.h */
| #define PACKAGE_NAME ""
| #define PACKAGE_TARNAME ""
| #define PACKAGE_VERSION ""
| #define PACKAGE_STRING ""
| #define PACKAGE_BUGREPORT ""
| #define PACKAGE_URL ""
| #define PACKAGE "siege"
| #define VERSION "3.0.9"
| #define STDC_HEADERS 1
| #define HAVE_SYS_TYPES_H 1
| #define HAVE_SYS_STAT_H 1
| #define HAVE_STDLIB_H 1
| #define HAVE_STRING_H 1
| #define HAVE_MEMORY_H 1
| #define HAVE_STRINGS_H 1
| #define HAVE_INTTYPES_H 1
| #define HAVE_STDINT_H 1
| #define HAVE_UNISTD_H 1
| #define __EXTENSIONS__ 1
| #define _ALL_SOURCE 1
| #define _GNU_SOURCE 1
| #define _POSIX_PTHREAD_SEMANTICS 1
| #define _TANDEM_SOURCE 1
| #define HAVE_DLFCN_H 1
| #define HAVE_DEV_RANDOM 1
| #define HAVE__USR_INCLUDE_OPENSSL_OPENSSLV_H 1
| #define HAVE_SSL 1
| #define STDC_HEADERS 1
| #define HAVE_SYS_WAIT_H 1
| #define HAVE_FCNTL_H 1
| #define HAVE_LIMITS_H 1
| #define HAVE_UNISTD_H 1
| #define HAVE_SIGNAL_H 1
| #define HAVE_SYS_SOCKET_H 1
| #define HAVE_SYS_SELECT_H 1
| #define HAVE_SYS_TIME_H 1
| #define HAVE_SYS_TIMES_H 1
| #define HAVE_SYS_RESOURCE_H 1
| #define HAVE_ERRNO_H 1
| #define HAVE_ARPA_INET_H 1
| #define HAVE_NETINET_IN_H 1
| #define HAVE_NETDB_H 1
| #define HAVE_PTHREAD_H 1
| #define HAVE_STRING_H 1
| #define HAVE_STRINGS_H 1
| #define HAVE_SCHED_H 1
| #define HAVE_OPENSSL_E_OS2_H 1
| /* end confdefs.h.  */
| #include <stdio.h>
| #ifdef HAVE_SYS_TYPES_H
| # include <sys/types.h>
| #endif
| #ifdef HAVE_SYS_STAT_H
| # include <sys/stat.h>
| #endif
| #ifdef STDC_HEADERS
| # include <stdlib.h>
| # include <stddef.h>
| #else
| # ifdef HAVE_STDLIB_H
| #  include <stdlib.h>
| # endif
| #endif
| #ifdef HAVE_STRING_H
| # if !defined STDC_HEADERS && defined HAVE_MEMORY_H
| #  include <memory.h>
| # endif
| # include <string.h>
| #endif
| #ifdef HAVE_STRINGS_H
| # include <strings.h>
| #endif
| #ifdef HAVE_INTTYPES_H
| # include <inttypes.h>
| #endif
| #ifdef HAVE_STDINT_H
| # include <stdint.h>
| #endif
| #ifdef HAVE_UNISTD_H
| # include <unistd.h>
| #endif
| int
| main ()
| {
| if (sizeof ((size_t)))
| 	    return 0;
|   ;
|   return 0;
| }
configure:20734: result: yes
configure:20745: checking whether time.h and sys/time.h may both be included
configure:20765: gcc -c -g -O2 -I/usr/include/openssl -I/usr/include conftest.c >&5
configure:20765: $? = 0
configure:20772: result: yes
configure:20781: checking return type of signal handlers
configure:20799: gcc -c -g -O2 -I/usr/include/openssl -I/usr/include conftest.c >&5
conftest.c:57:8: error: indirection requires pointer operand ('void' invalid)
return *(signal (0, 0)) (0) == 1;
       ^~~~~~~~~~~~~~~~~~~~
1 error generated.
configure:20799: $? = 1
configure: failed program was:
| /* confdefs.h */
| #define PACKAGE_NAME ""
| #define PACKAGE_TARNAME ""
| #define PACKAGE_VERSION ""
| #define PACKAGE_STRING ""
| #define PACKAGE_BUGREPORT ""
| #define PACKAGE_URL ""
| #define PACKAGE "siege"
| #define VERSION "3.0.9"
| #define STDC_HEADERS 1
| #define HAVE_SYS_TYPES_H 1
| #define HAVE_SYS_STAT_H 1
| #define HAVE_STDLIB_H 1
| #define HAVE_STRING_H 1
| #define HAVE_MEMORY_H 1
| #define HAVE_STRINGS_H 1
| #define HAVE_INTTYPES_H 1
| #define HAVE_STDINT_H 1
| #define HAVE_UNISTD_H 1
| #define __EXTENSIONS__ 1
| #define _ALL_SOURCE 1
| #define _GNU_SOURCE 1
| #define _POSIX_PTHREAD_SEMANTICS 1
| #define _TANDEM_SOURCE 1
| #define HAVE_DLFCN_H 1
| #define HAVE_DEV_RANDOM 1
| #define HAVE__USR_INCLUDE_OPENSSL_OPENSSLV_H 1
| #define HAVE_SSL 1
| #define STDC_HEADERS 1
| #define HAVE_SYS_WAIT_H 1
| #define HAVE_FCNTL_H 1
| #define HAVE_LIMITS_H 1
| #define HAVE_UNISTD_H 1
| #define HAVE_SIGNAL_H 1
| #define HAVE_SYS_SOCKET_H 1
| #define HAVE_SYS_SELECT_H 1
| #define HAVE_SYS_TIME_H 1
| #define HAVE_SYS_TIMES_H 1
| #define HAVE_SYS_RESOURCE_H 1
| #define HAVE_ERRNO_H 1
| #define HAVE_ARPA_INET_H 1
| #define HAVE_NETINET_IN_H 1
| #define HAVE_NETDB_H 1
| #define HAVE_PTHREAD_H 1
| #define HAVE_STRING_H 1
| #define HAVE_STRINGS_H 1
| #define HAVE_SCHED_H 1
| #define HAVE_OPENSSL_E_OS2_H 1
| #define TIME_WITH_SYS_TIME 1
| /* end confdefs.h.  */
| #include <sys/types.h>
| #include <signal.h>
| 
| int
| main ()
| {
| return *(signal (0, 0)) (0) == 1;
|   ;
|   return 0;
| }
configure:20806: result: void
configure:20817: checking for working alloca.h
configure:20834: gcc -o conftest -g -O2 -I/usr/include/openssl -I/usr/include  conftest.c  >&5
configure:20834: $? = 0
configure:20842: result: yes
configure:20850: checking for alloca
configure:20887: gcc -o conftest -g -O2 -I/usr/include/openssl -I/usr/include  conftest.c  >&5
configure:20887: $? = 0
configure:20895: result: yes
configure:21004: checking for strchr
configure:21004: gcc -o conftest -g -O2 -I/usr/include/openssl -I/usr/include  conftest.c  >&5
conftest.c:77:6: warning: incompatible redeclaration of library function 'strchr' [-Wincompatible-library-redeclaration]
char strchr ();
     ^
conftest.c:77:6: note: 'strchr' is a builtin with type 'char *(const char *, int)'
1 warning generated.
configure:21004: $? = 0
configure:21004: result: yes
configure:21004: checking for memcpy
configure:21004: gcc -o conftest -g -O2 -I/usr/include/openssl -I/usr/include  conftest.c  >&5
conftest.c:78:6: warning: incompatible redeclaration of library function 'memcpy' [-Wincompatible-library-redeclaration]
char memcpy ();
     ^
conftest.c:78:6: note: 'memcpy' is a builtin with type 'void *(void *, const void *, unsigned long)'
1 warning generated.
configure:21004: $? = 0
configure:21004: result: yes
configure:21004: checking for strncpy
configure:21004: gcc -o conftest -g -O2 -I/usr/include/openssl -I/usr/include  conftest.c  >&5
conftest.c:79:6: warning: incompatible redeclaration of library function 'strncpy' [-Wincompatible-library-redeclaration]
char strncpy ();
     ^
conftest.c:79:6: note: 'strncpy' is a builtin with type 'char *(char *, const char *, unsigned long)'
1 warning generated.
configure:21004: $? = 0
configure:21004: result: yes
configure:21004: checking for strstr
configure:21004: gcc -o conftest -g -O2 -I/usr/include/openssl -I/usr/include  conftest.c  >&5
conftest.c:80:6: warning: incompatible redeclaration of library function 'strstr' [-Wincompatible-library-redeclaration]
char strstr ();
     ^
conftest.c:80:6: note: 'strstr' is a builtin with type 'char *(const char *, const char *)'
1 warning generated.
configure:21004: $? = 0
configure:21004: result: yes
configure:21004: checking for strlen
configure:21004: gcc -o conftest -g -O2 -I/usr/include/openssl -I/usr/include  conftest.c  >&5
conftest.c:81:6: warning: incompatible redeclaration of library function 'strlen' [-Wincompatible-library-redeclaration]
char strlen ();
     ^
conftest.c:81:6: note: 'strlen' is a builtin with type 'unsigned long (const char *)'
1 warning generated.
configure:21004: $? = 0
configure:21004: result: yes
configure:21016: checking for strncasecmp
configure:21016: gcc -o conftest -g -O2 -I/usr/include/openssl -I/usr/include  conftest.c  >&5
conftest.c:82:6: warning: incompatible redeclaration of library function 'strncasecmp' [-Wincompatible-library-redeclaration]
char strncasecmp ();
     ^
conftest.c:82:6: note: 'strncasecmp' is a builtin with type 'int (const char *, const char *, unsigned long)'
1 warning generated.
configure:21016: $? = 0
configure:21016: result: yes
configure:21016: checking for strncmp
configure:21016: gcc -o conftest -g -O2 -I/usr/include/openssl -I/usr/include  conftest.c  >&5
conftest.c:83:6: warning: incompatible redeclaration of library function 'strncmp' [-Wincompatible-library-redeclaration]
char strncmp ();
     ^
conftest.c:83:6: note: 'strncmp' is a builtin with type 'int (const char *, const char *, unsigned long)'
1 warning generated.
configure:21016: $? = 0
configure:21016: result: yes
configure:21027: checking for socket
configure:21027: gcc -o conftest -g -O2 -I/usr/include/openssl -I/usr/include  conftest.c  >&5
configure:21027: $? = 0
configure:21027: result: yes
configure:21084: checking for gethostbyname
configure:21084: gcc -o conftest -g -O2 -I/usr/include/openssl -I/usr/include  conftest.c  >&5
configure:21084: $? = 0
configure:21084: result: yes
configure:21141: checking for snprintf
configure:21141: gcc -o conftest -g -O2 -I/usr/include/openssl -I/usr/include  conftest.c  >&5
conftest.c:86:6: warning: incompatible redeclaration of library function 'snprintf' [-Wincompatible-library-redeclaration]
char snprintf ();
     ^
conftest.c:86:6: note: 'snprintf' is a builtin with type 'int (char *, unsigned long, const char *, ...)'
1 warning generated.
configure:21141: $? = 0
configure:21141: result: yes
configure:21152: checking for strdup
configure:21152: gcc -o conftest -g -O2 -I/usr/include/openssl -I/usr/include  conftest.c  >&5
conftest.c:87:6: warning: incompatible redeclaration of library function 'strdup' [-Wincompatible-library-redeclaration]
char strdup ();
     ^
conftest.c:87:6: note: 'strdup' is a builtin with type 'char *(const char *)'
1 warning generated.
configure:21152: $? = 0
configure:21152: result: yes
configure:21163: checking for rand_r
configure:21163: gcc -o conftest -g -O2 -I/usr/include/openssl -I/usr/include  conftest.c  >&5
configure:21163: $? = 0
configure:21163: result: yes
configure:21174: checking for localtime_r
configure:21174: gcc -o conftest -g -O2 -I/usr/include/openssl -I/usr/include  conftest.c  >&5
configure:21174: $? = 0
configure:21174: result: yes
configure:21185: checking for getipnodebyname
configure:21185: gcc -o conftest -g -O2 -I/usr/include/openssl -I/usr/include  conftest.c  >&5
configure:21185: $? = 0
configure:21185: result: yes
configure:21196: checking for freehostent
configure:21196: gcc -o conftest -g -O2 -I/usr/include/openssl -I/usr/include  conftest.c  >&5
configure:21196: $? = 0
configure:21196: result: yes
configure:21207: checking for getopt_long
configure:21207: gcc -o conftest -g -O2 -I/usr/include/openssl -I/usr/include  conftest.c  >&5
configure:21207: $? = 0
configure:21207: result: yes
configure:21217: checking for socket in -lsocket
configure:21242: gcc -o conftest -g -O2 -I/usr/include/openssl -I/usr/include  conftest.c -lsocket   >&5
ld: library not found for -lsocket
clang: error: linker command failed with exit code 1 (use -v to see invocation)
configure:21242: $? = 1
configure: failed program was:
| /* confdefs.h */
| #define PACKAGE_NAME ""
| #define PACKAGE_TARNAME ""
| #define PACKAGE_VERSION ""
| #define PACKAGE_STRING ""
| #define PACKAGE_BUGREPORT ""
| #define PACKAGE_URL ""
| #define PACKAGE "siege"
| #define VERSION "3.0.9"
| #define STDC_HEADERS 1
| #define HAVE_SYS_TYPES_H 1
| #define HAVE_SYS_STAT_H 1
| #define HAVE_STDLIB_H 1
| #define HAVE_STRING_H 1
| #define HAVE_MEMORY_H 1
| #define HAVE_STRINGS_H 1
| #define HAVE_INTTYPES_H 1
| #define HAVE_STDINT_H 1
| #define HAVE_UNISTD_H 1
| #define __EXTENSIONS__ 1
| #define _ALL_SOURCE 1
| #define _GNU_SOURCE 1
| #define _POSIX_PTHREAD_SEMANTICS 1
| #define _TANDEM_SOURCE 1
| #define HAVE_DLFCN_H 1
| #define HAVE_DEV_RANDOM 1
| #define HAVE__USR_INCLUDE_OPENSSL_OPENSSLV_H 1
| #define HAVE_SSL 1
| #define STDC_HEADERS 1
| #define HAVE_SYS_WAIT_H 1
| #define HAVE_FCNTL_H 1
| #define HAVE_LIMITS_H 1
| #define HAVE_UNISTD_H 1
| #define HAVE_SIGNAL_H 1
| #define HAVE_SYS_SOCKET_H 1
| #define HAVE_SYS_SELECT_H 1
| #define HAVE_SYS_TIME_H 1
| #define HAVE_SYS_TIMES_H 1
| #define HAVE_SYS_RESOURCE_H 1
| #define HAVE_ERRNO_H 1
| #define HAVE_ARPA_INET_H 1
| #define HAVE_NETINET_IN_H 1
| #define HAVE_NETDB_H 1
| #define HAVE_PTHREAD_H 1
| #define HAVE_STRING_H 1
| #define HAVE_STRINGS_H 1
| #define HAVE_SCHED_H 1
| #define HAVE_OPENSSL_E_OS2_H 1
| #define TIME_WITH_SYS_TIME 1
| #define RETSIGTYPE void
| #define HAVE_ALLOCA_H 1
| #define HAVE_ALLOCA 1
| #define HAVE_STRCHR 1
| #define HAVE_MEMCPY 1
| #define HAVE_STRNCPY 1
| #define HAVE_STRSTR 1
| #define HAVE_STRLEN 1
| #define HAVE_STRNCASECMP 1
| #define HAVE_STRNCMP 1
| #define HAVE_SOCKET 1
| #define HAVE_GETHOSTBYNAME 1
| #define HAVE_SNPRINTF 1
| #define HAVE_STRDUP 1
| #define HAVE_RAND_R 1
| #define HAVE_LOCALTIME_R 1
| #define HAVE_GETIPNODEBYNAME 1
| #define HAVE_FREEHOSTENT 1
| #define HAVE_GETOPT_LONG 1
| /* end confdefs.h.  */
| 
| /* Override any GCC internal prototype to avoid an error.
|    Use char because int might match the return type of a GCC
|    builtin and then its argument prototype would still apply.  */
| #ifdef __cplusplus
| extern "C"
| #endif
| char socket ();
| int
| main ()
| {
| return socket ();
|   ;
|   return 0;
| }
configure:21251: result: no
configure:21267: checking for pthread_attr_init in -lpthread
configure:21292: gcc -o conftest -g -O2 -I/usr/include/openssl -I/usr/include  conftest.c -lpthread   >&5
configure:21292: $? = 0
configure:21301: result: yes
configure:21566: checking that generated files are newer than configure
configure:21572: result: done
configure:21603: creating ./config.status

## ---------------------- ##
## Running config.status. ##
## ---------------------- ##

This file was extended by config.status, which was
generated by GNU Autoconf 2.69.  Invocation command line was

  CONFIG_FILES    = 
  CONFIG_HEADERS  = 
  CONFIG_LINKS    = 
  CONFIG_COMMANDS = 
  $ ./config.status 

on tandriano.local

config.status:961: creating Makefile
config.status:961: creating src/Makefile
config.status:961: creating doc/Makefile
config.status:961: creating html/Makefile
config.status:961: creating lib/Makefile
config.status:961: creating lib/joedog/Makefile
config.status:961: creating include/Makefile
config.status:961: creating include/joedog/Makefile
config.status:961: creating utils/Makefile
config.status:961: creating include/config.h
config.status:1190: executing depfiles commands
config.status:1190: executing default-1 commands
config.status:1190: executing default-2 commands
config.status:1190: executing default-3 commands
config.status:1190: executing default-4 commands
config.status:1190: executing default-5 commands
config.status:1190: executing default-6 commands

## ---------------- ##
## Cache variables. ##
## ---------------- ##

ac_cv_build=x86_64-apple-darwin14.1.0
ac_cv_c_compiler_gnu=yes
ac_cv_c_const=yes
ac_cv_c_inline=inline
ac_cv_cxx_compiler_gnu=yes
ac_cv_env_CCC_set=
ac_cv_env_CCC_value=
ac_cv_env_CC_set=
ac_cv_env_CC_value=
ac_cv_env_CFLAGS_set=
ac_cv_env_CFLAGS_value=
ac_cv_env_CPPFLAGS_set=
ac_cv_env_CPPFLAGS_value=
ac_cv_env_CPP_set=
ac_cv_env_CPP_value=
ac_cv_env_CXXCPP_set=
ac_cv_env_CXXCPP_value=
ac_cv_env_CXXFLAGS_set=
ac_cv_env_CXXFLAGS_value=
ac_cv_env_CXX_set=
ac_cv_env_CXX_value=
ac_cv_env_F77_set=
ac_cv_env_F77_value=
ac_cv_env_FFLAGS_set=
ac_cv_env_FFLAGS_value=
ac_cv_env_LDFLAGS_set=
ac_cv_env_LDFLAGS_value=
ac_cv_env_LIBS_set=
ac_cv_env_LIBS_value=
ac_cv_env_build_alias_set=
ac_cv_env_build_alias_value=
ac_cv_env_host_alias_set=
ac_cv_env_host_alias_value=
ac_cv_env_target_alias_set=
ac_cv_env_target_alias_value=
ac_cv_f77_compiler_gnu=no
ac_cv_func_alloca_works=yes
ac_cv_func_freehostent=yes
ac_cv_func_gethostbyname=yes
ac_cv_func_getipnodebyname=yes
ac_cv_func_getopt_long=yes
ac_cv_func_localtime_r=yes
ac_cv_func_memcpy=yes
ac_cv_func_rand_r=yes
ac_cv_func_snprintf=yes
ac_cv_func_socket=yes
ac_cv_func_strchr=yes
ac_cv_func_strdup=yes
ac_cv_func_strlen=yes
ac_cv_func_strncasecmp=yes
ac_cv_func_strncmp=yes
ac_cv_func_strncpy=yes
ac_cv_func_strstr=yes
ac_cv_have_dev_random=yes
ac_cv_header__usr_include_openssl_opensslv_h=yes
ac_cv_header_arpa_inet_h=yes
ac_cv_header_dlfcn_h=yes
ac_cv_header_errno_h=yes
ac_cv_header_fcntl_h=yes
ac_cv_header_inttypes_h=yes
ac_cv_header_limits_h=yes
ac_cv_header_memory_h=yes
ac_cv_header_minix_config_h=no
ac_cv_header_netdb_h=yes
ac_cv_header_netinet_in_h=yes
ac_cv_header_off_include_openssl_opensslv_h=no
ac_cv_header_openssl_e_os2_h=yes
ac_cv_header_openssl_e_os_h=no
ac_cv_header_pthread_h=yes
ac_cv_header_sched_h=yes
ac_cv_header_signal_h=yes
ac_cv_header_stdc=yes
ac_cv_header_stdint_h=yes
ac_cv_header_stdlib_h=yes
ac_cv_header_string_h=yes
ac_cv_header_strings_h=yes
ac_cv_header_sys_resource_h=yes
ac_cv_header_sys_select_h=yes
ac_cv_header_sys_socket_h=yes
ac_cv_header_sys_stat_h=yes
ac_cv_header_sys_time_h=yes
ac_cv_header_sys_times_h=yes
ac_cv_header_sys_types_h=yes
ac_cv_header_sys_wait_h=yes
ac_cv_header_time=yes
ac_cv_header_unistd_h=yes
ac_cv_host=x86_64-apple-darwin14.1.0
ac_cv_lib_pthread_pthread_attr_init=yes
ac_cv_lib_socket_socket=no
ac_cv_objext=o
ac_cv_path_EGREP='/usr/bin/grep -E'
ac_cv_path_GREP=/usr/bin/grep
ac_cv_path_PERL=/usr/bin/perl
ac_cv_path_install='/usr/bin/install -c'
ac_cv_path_shell=/bin/sh
ac_cv_prog_AWK=awk
ac_cv_prog_CPP='gcc -E'
ac_cv_prog_CXXCPP='g++ -E'
ac_cv_prog_ac_ct_AR=ar
ac_cv_prog_ac_ct_CC=gcc
ac_cv_prog_ac_ct_CXX=g++
ac_cv_prog_ac_ct_RANLIB=ranlib
ac_cv_prog_ac_ct_STRIP=strip
ac_cv_prog_cc_c89=
ac_cv_prog_cc_g=yes
ac_cv_prog_cxx_g=yes
ac_cv_prog_f77_g=no
ac_cv_prog_make_make_set=yes
ac_cv_safe_to_define___extensions__=yes
ac_cv_type_int16_t=yes
ac_cv_type_int32_t=yes
ac_cv_type_int64_t=yes
ac_cv_type_int8_t=yes
ac_cv_type_signal=void
ac_cv_type_size_t=yes
ac_cv_type_ssize_t=yes
ac_cv_type_u_int32_t=yes
ac_cv_type_uint16_t=yes
ac_cv_type_uint32_t=yes
ac_cv_type_uint64_t=yes
ac_cv_type_uint8_t=yes
ac_cv_working_alloca_h=yes
am_cv_CC_dependencies_compiler_type=none
am_cv_CXX_dependencies_compiler_type=none
am_cv_make_support_nested_variables=yes
am_cv_prog_cc_c_o=yes
lt_cv_deplibs_check_method=pass_all
lt_cv_file_magic_cmd='$MAGIC_CMD'
lt_cv_file_magic_test_file=
lt_cv_ld_reload_flag=-r
lt_cv_objdir=.libs
lt_cv_path_LD=/Applications/Xcode.app/Contents/Developer/Toolchains/XcodeDefault.xctoolchain/usr/bin/ld
lt_cv_path_LDCXX=/Applications/Xcode.app/Contents/Developer/Toolchains/XcodeDefault.xctoolchain/usr/bin/ld
lt_cv_path_NM=/usr/bin/nm
lt_cv_path_SED=/usr/bin/sed
lt_cv_prog_compiler_c_o=yes
lt_cv_prog_compiler_c_o_CXX=yes
lt_cv_prog_compiler_pic_works=yes
lt_cv_prog_compiler_pic_works_CXX=yes
lt_cv_prog_compiler_rtti_exceptions=yes
lt_cv_prog_compiler_static_works=no
lt_cv_prog_compiler_static_works_CXX=no
lt_cv_prog_gnu_ld=no
lt_cv_prog_gnu_ldcxx=no
lt_cv_sys_global_symbol_pipe='sed -n -e '\''s/^.*[ 	]\([BCDEGRST][BCDEGRST]*\)[ 	][ 	]*_\([_A-Za-z][_A-Za-z0-9]*\)$/\1 _\2 \2/p'\'''
lt_cv_sys_global_symbol_to_c_name_address='sed -n -e '\''s/^: \([^ ]*\) $/  {\"\1\", (lt_ptr) 0},/p'\'' -e '\''s/^[BCDEGRST] \([^ ]*\) \([^ ]*\)$/  {"\2", (lt_ptr) \&\2},/p'\'''
lt_cv_sys_global_symbol_to_cdecl='sed -n -e '\''s/^. .* \(.*\)$/extern int \1;/p'\'''
lt_cv_sys_max_cmd_len=196608
lt_lt_cv_prog_compiler_c_o='"yes"'
lt_lt_cv_prog_compiler_c_o_CXX='"yes"'
lt_lt_cv_sys_global_symbol_pipe='"sed -n -e '\''s/^.*[ 	]\\([BCDEGRST][BCDEGRST]*\\)[ 	][ 	]*_\\([_A-Za-z][_A-Za-z0-9]*\\)\$/\\1 _\\2 \\2/p'\''"'
lt_lt_cv_sys_global_symbol_to_c_name_address='"sed -n -e '\''s/^: \\([^ ]*\\) \$/  {\\\"\\1\\\", (lt_ptr) 0},/p'\'' -e '\''s/^[BCDEGRST] \\([^ ]*\\) \\([^ ]*\\)\$/  {\"\\2\", (lt_ptr) \\&\\2},/p'\''"'
lt_lt_cv_sys_global_symbol_to_cdecl='"sed -n -e '\''s/^. .* \\(.*\\)\$/extern int \\1;/p'\''"'

## ----------------- ##
## Output variables. ##
## ----------------- ##

ACLOCAL='aclocal-1.14'
ALLOCA=''
AMDEPBACKSLASH='\'
AMDEP_FALSE='#'
AMDEP_TRUE=''
AMTAR='$${TAR-tar}'
AM_BACKSLASH='\'
AM_DEFAULT_V='$(AM_DEFAULT_VERBOSITY)'
AM_DEFAULT_VERBOSITY='1'
AM_V='$(V)'
AR='ar'
AUTHOR='Jeffrey Fulmer, et al.'
AUTOCONF='autoconf'
AUTOHEADER='autoheader'
AUTOMAKE='automake-1.14'
AWK='awk'
CC='gcc'
CCDEPMODE='depmode=none'
CC_R=''
CFLAGS='-g -O2'
CPP='gcc -E'
CPPFLAGS='-I/usr/include/openssl -I/usr/include'
CXX='g++'
CXXCPP='g++ -E'
CXXDEPMODE='depmode=none'
CXXFLAGS='-g -O2'
CYGPATH_W='echo'
DATE='April-29-2015'
DEFS='-DHAVE_CONFIG_H'
DEPDIR='.deps'
ECHO='/bin/echo'
ECHO_C='\c'
ECHO_N=''
ECHO_T=''
EGREP='/usr/bin/grep -E'
EMAIL='jeff@joedog.org'
EXEEXT=''
F77=''
FFLAGS=''
GREP='/usr/bin/grep'
INSTALL_DATA='${INSTALL} -m 644'
INSTALL_PROGRAM='${INSTALL}'
INSTALL_SCRIPT='${INSTALL}'
INSTALL_STRIP_PROGRAM='$(install_sh) -c -s'
LDFLAGS=''
LDL='-ldl'
LIBOBJS=''
LIBS=''
LIBTOOL='$(SHELL) $(top_builddir)/libtool'
LN_S='ln -s'
LTLIBOBJS=''
MAKEINFO='makeinfo'
MKDIR_P='utils/install-sh -c -d'
OBJEXT='o'
PACKAGE='siege'
PACKAGE_BUGREPORT=''
PACKAGE_NAME=''
PACKAGE_STRING=''
PACKAGE_TARNAME=''
PACKAGE_URL=''
PACKAGE_VERSION=''
PATH_SEPARATOR=':'
PERL='/usr/bin/perl'
PLATFORM='apple-x86_64-darwin14.1.0'
PROGRAM='siege'
PTHREAD_CFLAGS='-D_REENTRANT -D_POSIX_PTHREAD_SEMANTICS'
PTHREAD_LDFLAGS='-lpthread'
RANLIB='ranlib'
SED='/usr/bin/sed'
SET_MAKE=''
SHELL='/bin/sh'
SSL_CFLAGS='-DOPENSSL_NO_KRB5'
SSL_INCLUDE='-I/usr/include/openssl -I/usr/include'
SSL_LDFLAGS='-L/usr/lib'
SSL_LIBS='-ldl -lssl -lcrypto'
STRIP='strip'
VERSION='3.0.9'
WARN_CFLAGS='-W -Wall -Wunused-value'
ac_ct_CC='gcc'
ac_ct_CXX='g++'
ac_ct_F77=''
am__EXEEXT_FALSE=''
am__EXEEXT_TRUE='#'
am__fastdepCC_FALSE=''
am__fastdepCC_TRUE='#'
am__fastdepCXX_FALSE=''
am__fastdepCXX_TRUE='#'
am__include='include'
am__isrc=''
am__leading_dot='.'
am__nodep='_no'
am__quote=''
am__tar='$${TAR-tar} chof - "$$tardir"'
am__untar='$${TAR-tar} xf -'
bindir='${exec_prefix}/bin'
build='x86_64-apple-darwin14.1.0'
build_alias=''
build_cpu='x86_64'
build_os='darwin14.1.0'
build_vendor='apple'
datadir='${datarootdir}'
datarootdir='${prefix}/share'
docdir='${datarootdir}/doc/${PACKAGE}'
dvidir='${docdir}'
exec_prefix='${prefix}'
host='x86_64-apple-darwin14.1.0'
host_alias=''
host_cpu='x86_64'
host_os='darwin14.1.0'
host_vendor='apple'
htmldir='${docdir}'
includedir='${prefix}/include'
infodir='${datarootdir}/info'
install_sh='${SHELL} /Users/tandriano/stuff/siege-3.0.9/utils/install-sh'
libdir='${exec_prefix}/lib'
libexecdir='${exec_prefix}/libexec'
localedir='${datarootdir}/locale'
localstatedir='${prefix}/var'
mandir='${datarootdir}/man'
mkdir_p='$(MKDIR_P)'
oldincludedir='/usr/include'
pdfdir='${docdir}'
prefix='/usr/local'
program_transform_name='s,x,x,'
psdir='${docdir}'
sbindir='${exec_prefix}/sbin'
sharedstatedir='${prefix}/com'
sysconfdir='${prefix}/etc'
target_alias=''

## ----------- ##
## confdefs.h. ##
## ----------- ##

/* confdefs.h */
#define PACKAGE_NAME ""
#define PACKAGE_TARNAME ""
#define PACKAGE_VERSION ""
#define PACKAGE_STRING ""
#define PACKAGE_BUGREPORT ""
#define PACKAGE_URL ""
#define PACKAGE "siege"
#define VERSION "3.0.9"
#define STDC_HEADERS 1
#define HAVE_SYS_TYPES_H 1
#define HAVE_SYS_STAT_H 1
#define HAVE_STDLIB_H 1
#define HAVE_STRING_H 1
#define HAVE_MEMORY_H 1
#define HAVE_STRINGS_H 1
#define HAVE_INTTYPES_H 1
#define HAVE_STDINT_H 1
#define HAVE_UNISTD_H 1
#define __EXTENSIONS__ 1
#define _ALL_SOURCE 1
#define _GNU_SOURCE 1
#define _POSIX_PTHREAD_SEMANTICS 1
#define _TANDEM_SOURCE 1
#define HAVE_DLFCN_H 1
#define HAVE_DEV_RANDOM 1
#define HAVE__USR_INCLUDE_OPENSSL_OPENSSLV_H 1
#define HAVE_SSL 1
#define STDC_HEADERS 1
#define HAVE_SYS_WAIT_H 1
#define HAVE_FCNTL_H 1
#define HAVE_LIMITS_H 1
#define HAVE_UNISTD_H 1
#define HAVE_SIGNAL_H 1
#define HAVE_SYS_SOCKET_H 1
#define HAVE_SYS_SELECT_H 1
#define HAVE_SYS_TIME_H 1
#define HAVE_SYS_TIMES_H 1
#define HAVE_SYS_RESOURCE_H 1
#define HAVE_ERRNO_H 1
#define HAVE_ARPA_INET_H 1
#define HAVE_NETINET_IN_H 1
#define HAVE_NETDB_H 1
#define HAVE_PTHREAD_H 1
#define HAVE_STRING_H 1
#define HAVE_STRINGS_H 1
#define HAVE_SCHED_H 1
#define HAVE_OPENSSL_E_OS2_H 1
#define TIME_WITH_SYS_TIME 1
#define RETSIGTYPE void
#define HAVE_ALLOCA_H 1
#define HAVE_ALLOCA 1
#define HAVE_STRCHR 1
#define HAVE_MEMCPY 1
#define HAVE_STRNCPY 1
#define HAVE_STRSTR 1
#define HAVE_STRLEN 1
#define HAVE_STRNCASECMP 1
#define HAVE_STRNCMP 1
#define HAVE_SOCKET 1
#define HAVE_GETHOSTBYNAME 1
#define HAVE_SNPRINTF 1
#define HAVE_STRDUP 1
#define HAVE_RAND_R 1
#define HAVE_LOCALTIME_R 1
#define HAVE_GETIPNODEBYNAME 1
#define HAVE_FREEHOSTENT 1
#define HAVE_GETOPT_LONG 1

configure: exit 0
